[2023-01-12 00:07:54] local.INFO: [日志跟踪] {"sql":"select * from `evs_admin_users` where `username` = 'admin' limit 1"} 
[2023-01-12 00:07:59] local.INFO: [日志跟踪] {"sql":"select * from `evs_admin_users` where `id` = 1 limit 1"} 
[2023-01-12 00:08:00] local.INFO: [日志跟踪] {"sql":"select * from `evs_admin_menu` order by `order` asc"} 
[2023-01-12 00:08:01] local.INFO: [日志跟踪] {"sql":"select `evs_admin_permissions`.*, `evs_admin_permission_menu`.`menu_id` as `pivot_menu_id`, `evs_admin_permission_menu`.`permission_id` as `pivot_permission_id`, `evs_admin_permission_menu`.`created_at` as `pivot_created_at`, `evs_admin_permission_menu`.`updated_at` as `pivot_updated_at` from `evs_admin_permissions` inner join `evs_admin_permission_menu` on `evs_admin_permissions`.`id` = `evs_admin_permission_menu`.`permission_id` where `evs_admin_permission_menu`.`menu_id` in (1, 2, 3, 4, 5, 6, 8, 9)"} 
[2023-01-12 00:08:02] local.INFO: [日志跟踪] {"sql":"select `evs_admin_roles`.*, `evs_admin_role_menu`.`menu_id` as `pivot_menu_id`, `evs_admin_role_menu`.`role_id` as `pivot_role_id`, `evs_admin_role_menu`.`created_at` as `pivot_created_at`, `evs_admin_role_menu`.`updated_at` as `pivot_updated_at` from `evs_admin_roles` inner join `evs_admin_role_menu` on `evs_admin_roles`.`id` = `evs_admin_role_menu`.`role_id` where `evs_admin_role_menu`.`menu_id` in (1, 2, 3, 4, 5, 6, 8, 9)"} 
[2023-01-12 00:08:02] local.INFO: [日志跟踪] {"sql":"select `evs_admin_roles`.*, `evs_admin_role_users`.`user_id` as `pivot_user_id`, `evs_admin_role_users`.`role_id` as `pivot_role_id`, `evs_admin_role_users`.`created_at` as `pivot_created_at`, `evs_admin_role_users`.`updated_at` as `pivot_updated_at` from `evs_admin_roles` inner join `evs_admin_role_users` on `evs_admin_roles`.`id` = `evs_admin_role_users`.`role_id` where `evs_admin_role_users`.`user_id` = 1"} 
[2023-01-12 00:08:07] local.INFO: [日志跟踪] {"sql":"select * from `evs_admin_users` where `id` = 1 limit 1"} 
[2023-01-12 00:08:08] local.INFO: [日志跟踪] {"sql":"select * from `evs_admin_users` where `id` = 1 limit 1"} 
[2023-01-12 00:08:08] local.INFO: [日志跟踪] {"sql":"select * from `evs_admin_users` where `id` = 1 limit 1"} 
[2023-01-12 00:08:08] local.INFO: [日志跟踪] {"sql":"select * from `evs_admin_users` where `id` = 1 limit 1"} 
[2023-01-12 00:08:37] local.INFO: [日志跟踪] {"sql":"select * from `evs_admin_users` where `id` = 1 limit 1"} 
[2023-01-12 00:11:01] local.INFO: [日志跟踪] {"sql":"select * from `evs_admin_users` where `username` = 'admin' limit 1"} 
[2023-01-12 00:11:09] local.INFO: [日志跟踪] {"sql":"select * from `evs_admin_users` where `id` = 1 limit 1"} 
[2023-01-12 00:11:10] local.INFO: [日志跟踪] {"sql":"select * from `evs_admin_menu` order by `order` asc"} 
[2023-01-12 00:11:12] local.INFO: [日志跟踪] {"sql":"select `evs_admin_permissions`.*, `evs_admin_permission_menu`.`menu_id` as `pivot_menu_id`, `evs_admin_permission_menu`.`permission_id` as `pivot_permission_id`, `evs_admin_permission_menu`.`created_at` as `pivot_created_at`, `evs_admin_permission_menu`.`updated_at` as `pivot_updated_at` from `evs_admin_permissions` inner join `evs_admin_permission_menu` on `evs_admin_permissions`.`id` = `evs_admin_permission_menu`.`permission_id` where `evs_admin_permission_menu`.`menu_id` in (1, 2, 3, 4, 5, 6, 8, 9)"} 
[2023-01-12 00:11:12] local.INFO: [日志跟踪] {"sql":"select `evs_admin_roles`.*, `evs_admin_role_menu`.`menu_id` as `pivot_menu_id`, `evs_admin_role_menu`.`role_id` as `pivot_role_id`, `evs_admin_role_menu`.`created_at` as `pivot_created_at`, `evs_admin_role_menu`.`updated_at` as `pivot_updated_at` from `evs_admin_roles` inner join `evs_admin_role_menu` on `evs_admin_roles`.`id` = `evs_admin_role_menu`.`role_id` where `evs_admin_role_menu`.`menu_id` in (1, 2, 3, 4, 5, 6, 8, 9)"} 
[2023-01-12 00:11:13] local.INFO: [日志跟踪] {"sql":"select `evs_admin_roles`.*, `evs_admin_role_users`.`user_id` as `pivot_user_id`, `evs_admin_role_users`.`role_id` as `pivot_role_id`, `evs_admin_role_users`.`created_at` as `pivot_created_at`, `evs_admin_role_users`.`updated_at` as `pivot_updated_at` from `evs_admin_roles` inner join `evs_admin_role_users` on `evs_admin_roles`.`id` = `evs_admin_role_users`.`role_id` where `evs_admin_role_users`.`user_id` = 1"} 
[2023-01-12 00:11:17] local.INFO: [日志跟踪] {"sql":"select * from `evs_admin_users` where `id` = 1 limit 1"} 
[2023-01-12 00:11:18] local.INFO: [日志跟踪] {"sql":"select * from `evs_admin_users` where `id` = 1 limit 1"} 
[2023-01-12 00:11:19] local.INFO: [日志跟踪] {"sql":"select * from `evs_admin_users` where `id` = 1 limit 1"} 
[2023-01-12 00:11:19] local.INFO: [日志跟踪] {"sql":"select * from `evs_admin_users` where `id` = 1 limit 1"} 
[2023-01-12 00:12:09] local.INFO: [日志跟踪] {"sql":"select * from `evs_admin_users` where `id` = 1 limit 1"} 
[2023-01-12 00:12:10] local.INFO: [日志跟踪] {"sql":"select * from `evs_admin_menu` order by `order` asc"} 
[2023-01-12 00:12:11] local.INFO: [日志跟踪] {"sql":"select `evs_admin_permissions`.*, `evs_admin_permission_menu`.`menu_id` as `pivot_menu_id`, `evs_admin_permission_menu`.`permission_id` as `pivot_permission_id`, `evs_admin_permission_menu`.`created_at` as `pivot_created_at`, `evs_admin_permission_menu`.`updated_at` as `pivot_updated_at` from `evs_admin_permissions` inner join `evs_admin_permission_menu` on `evs_admin_permissions`.`id` = `evs_admin_permission_menu`.`permission_id` where `evs_admin_permission_menu`.`menu_id` in (1, 2, 3, 4, 5, 6, 8, 9)"} 
[2023-01-12 00:12:12] local.INFO: [日志跟踪] {"sql":"select * from `evs_admin_users` where `id` = 1 limit 1"} 
[2023-01-12 00:12:12] local.INFO: [日志跟踪] {"sql":"select `evs_admin_roles`.*, `evs_admin_role_menu`.`menu_id` as `pivot_menu_id`, `evs_admin_role_menu`.`role_id` as `pivot_role_id`, `evs_admin_role_menu`.`created_at` as `pivot_created_at`, `evs_admin_role_menu`.`updated_at` as `pivot_updated_at` from `evs_admin_roles` inner join `evs_admin_role_menu` on `evs_admin_roles`.`id` = `evs_admin_role_menu`.`role_id` where `evs_admin_role_menu`.`menu_id` in (1, 2, 3, 4, 5, 6, 8, 9)"} 
[2023-01-12 00:12:12] local.INFO: [日志跟踪] {"sql":"select `evs_admin_roles`.*, `evs_admin_role_users`.`user_id` as `pivot_user_id`, `evs_admin_role_users`.`role_id` as `pivot_role_id`, `evs_admin_role_users`.`created_at` as `pivot_created_at`, `evs_admin_role_users`.`updated_at` as `pivot_updated_at` from `evs_admin_roles` inner join `evs_admin_role_users` on `evs_admin_roles`.`id` = `evs_admin_role_users`.`role_id` where `evs_admin_role_users`.`user_id` = 1"} 
[2023-01-12 00:12:22] local.INFO: [日志跟踪] {"sql":"select * from `evs_admin_users` where `username` = 'admin' limit 1"} 
[2023-01-12 00:12:27] local.INFO: [日志跟踪] {"sql":"select * from `evs_admin_users` where `id` = 1 limit 1"} 
[2023-01-12 00:12:28] local.INFO: [日志跟踪] {"sql":"select * from `evs_admin_menu` order by `order` asc"} 
[2023-01-12 00:12:28] local.INFO: [日志跟踪] {"sql":"select `evs_admin_permissions`.*, `evs_admin_permission_menu`.`menu_id` as `pivot_menu_id`, `evs_admin_permission_menu`.`permission_id` as `pivot_permission_id`, `evs_admin_permission_menu`.`created_at` as `pivot_created_at`, `evs_admin_permission_menu`.`updated_at` as `pivot_updated_at` from `evs_admin_permissions` inner join `evs_admin_permission_menu` on `evs_admin_permissions`.`id` = `evs_admin_permission_menu`.`permission_id` where `evs_admin_permission_menu`.`menu_id` in (1, 2, 3, 4, 5, 6, 8, 9)"} 
[2023-01-12 00:12:30] local.INFO: [日志跟踪] {"sql":"select `evs_admin_roles`.*, `evs_admin_role_menu`.`menu_id` as `pivot_menu_id`, `evs_admin_role_menu`.`role_id` as `pivot_role_id`, `evs_admin_role_menu`.`created_at` as `pivot_created_at`, `evs_admin_role_menu`.`updated_at` as `pivot_updated_at` from `evs_admin_roles` inner join `evs_admin_role_menu` on `evs_admin_roles`.`id` = `evs_admin_role_menu`.`role_id` where `evs_admin_role_menu`.`menu_id` in (1, 2, 3, 4, 5, 6, 8, 9)"} 
[2023-01-12 00:12:30] local.INFO: [日志跟踪] {"sql":"select `evs_admin_roles`.*, `evs_admin_role_users`.`user_id` as `pivot_user_id`, `evs_admin_role_users`.`role_id` as `pivot_role_id`, `evs_admin_role_users`.`created_at` as `pivot_created_at`, `evs_admin_role_users`.`updated_at` as `pivot_updated_at` from `evs_admin_roles` inner join `evs_admin_role_users` on `evs_admin_roles`.`id` = `evs_admin_role_users`.`role_id` where `evs_admin_role_users`.`user_id` = 1"} 
[2023-01-12 00:12:35] local.INFO: [日志跟踪] {"sql":"select * from `evs_admin_users` where `id` = 1 limit 1"} 
[2023-01-12 00:12:35] local.INFO: [日志跟踪] {"sql":"select * from `evs_admin_users` where `id` = 1 limit 1"} 
[2023-01-12 00:12:35] local.INFO: [日志跟踪] {"sql":"select * from `evs_admin_users` where `id` = 1 limit 1"} 
[2023-01-12 00:12:35] local.INFO: [日志跟踪] {"sql":"select * from `evs_admin_users` where `id` = 1 limit 1"} 
[2023-01-12 00:12:39] local.INFO: [日志跟踪] {"sql":"select * from `evs_admin_users` where `id` = 1 limit 1"} 
[2023-01-12 00:12:40] local.INFO: [日志跟踪] {"sql":"select `evs_admin_roles`.*, `evs_admin_role_users`.`user_id` as `pivot_user_id`, `evs_admin_role_users`.`role_id` as `pivot_role_id`, `evs_admin_role_users`.`created_at` as `pivot_created_at`, `evs_admin_role_users`.`updated_at` as `pivot_updated_at` from `evs_admin_roles` inner join `evs_admin_role_users` on `evs_admin_roles`.`id` = `evs_admin_role_users`.`role_id` where `evs_admin_role_users`.`user_id` = 1"} 
[2023-01-12 00:12:40] local.INFO: [日志跟踪] {"sql":"select count(*) as aggregate from `evs_user`"} 
[2023-01-12 00:12:41] local.INFO: [日志跟踪] {"sql":"select * from `evs_user` limit 20 offset 0"} 
[2023-01-12 00:12:44] local.INFO: [日志跟踪] {"sql":"select * from `evs_admin_users` where `id` = 1 limit 1"} 
[2023-01-12 00:12:44] local.INFO: [日志跟踪] {"sql":"select `evs_admin_roles`.*, `evs_admin_role_users`.`user_id` as `pivot_user_id`, `evs_admin_role_users`.`role_id` as `pivot_role_id`, `evs_admin_role_users`.`created_at` as `pivot_created_at`, `evs_admin_role_users`.`updated_at` as `pivot_updated_at` from `evs_admin_roles` inner join `evs_admin_role_users` on `evs_admin_roles`.`id` = `evs_admin_role_users`.`role_id` where `evs_admin_role_users`.`user_id` = 1"} 
[2023-01-12 00:12:46] local.INFO: [日志跟踪] {"sql":"select count(*) as aggregate from `evs_user`"} 
[2023-01-12 00:12:46] local.INFO: [日志跟踪] {"sql":"select * from `evs_user` limit 20 offset 0"} 
[2023-01-12 00:12:47] local.INFO: [日志跟踪] {"sql":"select * from `evs_admin_users` where `id` = 1 limit 1"} 
[2023-01-12 00:12:47] local.INFO: [日志跟踪] {"sql":"select `evs_admin_roles`.*, `evs_admin_role_users`.`user_id` as `pivot_user_id`, `evs_admin_role_users`.`role_id` as `pivot_role_id`, `evs_admin_role_users`.`created_at` as `pivot_created_at`, `evs_admin_role_users`.`updated_at` as `pivot_updated_at` from `evs_admin_roles` inner join `evs_admin_role_users` on `evs_admin_roles`.`id` = `evs_admin_role_users`.`role_id` where `evs_admin_role_users`.`user_id` = 1"} 
[2023-01-12 00:12:48] local.INFO: [日志跟踪] {"sql":"select count(*) as aggregate from `evs_bank` where `evs_bank`.`deleted_at` is null"} 
[2023-01-12 00:12:49] local.INFO: [日志跟踪] {"sql":"select * from `evs_bank` where `evs_bank`.`deleted_at` is null limit 20 offset 0"} 
[2023-01-12 00:12:49] local.INFO: [日志跟踪] {"sql":"select * from `evs_user` where `evs_user`.`id` = 243738 limit 1"} 
[2023-01-12 00:12:50] local.INFO: [日志跟踪] {"sql":"select * from `evs_user` where `evs_user`.`id` = 243738 limit 1"} 
[2023-01-12 00:13:24] local.INFO: [日志跟踪] {"sql":"select * from `evs_admin_users` where `id` = 1 limit 1"} 
[2023-01-12 00:13:25] local.INFO: [日志跟踪] {"sql":"select `evs_admin_roles`.*, `evs_admin_role_users`.`user_id` as `pivot_user_id`, `evs_admin_role_users`.`role_id` as `pivot_role_id`, `evs_admin_role_users`.`created_at` as `pivot_created_at`, `evs_admin_role_users`.`updated_at` as `pivot_updated_at` from `evs_admin_roles` inner join `evs_admin_role_users` on `evs_admin_roles`.`id` = `evs_admin_role_users`.`role_id` where `evs_admin_role_users`.`user_id` = 1"} 
[2023-01-12 00:13:26] local.INFO: [日志跟踪] {"sql":"SELECT * FROM information_schema.columns WHERE table_schema = \"broker_db\" ORDER BY `ORDINAL_POSITION` ASC"} 
[2023-01-12 00:22:51] local.INFO: [日志跟踪] {"sql":"select * from `evs_admin_users` where `id` = 1 limit 1"} 
[2023-01-12 00:22:54] local.INFO: [日志跟踪] {"sql":"select * from `evs_admin_users` where `id` = 1 limit 1"} 
[2023-01-12 00:22:56] local.INFO: [日志跟踪] {"sql":"select * from `evs_admin_users` where `id` = 1 limit 1"} 
[2023-01-12 00:22:56] local.INFO: [日志跟踪] {"sql":"select * from `evs_admin_users` where `id` = 1 limit 1"} 
[2023-01-12 00:22:56] local.INFO: [日志跟踪] {"sql":"select * from `evs_admin_users` where `id` = 1 limit 1"} 
[2023-01-12 00:27:37] local.INFO: [日志跟踪] {"sql":"select * from `evs_admin_users` where `id` = 1 limit 1"} 
[2023-01-12 00:27:38] local.INFO: [日志跟踪] {"sql":"select * from `evs_admin_menu` order by `order` asc"} 
[2023-01-12 00:27:38] local.INFO: [日志跟踪] {"sql":"select `evs_admin_permissions`.*, `evs_admin_permission_menu`.`menu_id` as `pivot_menu_id`, `evs_admin_permission_menu`.`permission_id` as `pivot_permission_id`, `evs_admin_permission_menu`.`created_at` as `pivot_created_at`, `evs_admin_permission_menu`.`updated_at` as `pivot_updated_at` from `evs_admin_permissions` inner join `evs_admin_permission_menu` on `evs_admin_permissions`.`id` = `evs_admin_permission_menu`.`permission_id` where `evs_admin_permission_menu`.`menu_id` in (1, 2, 3, 4, 5, 6, 8, 9)"} 
[2023-01-12 00:27:39] local.INFO: [日志跟踪] {"sql":"select `evs_admin_roles`.*, `evs_admin_role_menu`.`menu_id` as `pivot_menu_id`, `evs_admin_role_menu`.`role_id` as `pivot_role_id`, `evs_admin_role_menu`.`created_at` as `pivot_created_at`, `evs_admin_role_menu`.`updated_at` as `pivot_updated_at` from `evs_admin_roles` inner join `evs_admin_role_menu` on `evs_admin_roles`.`id` = `evs_admin_role_menu`.`role_id` where `evs_admin_role_menu`.`menu_id` in (1, 2, 3, 4, 5, 6, 8, 9)"} 
[2023-01-12 00:27:39] local.INFO: [日志跟踪] {"sql":"select `evs_admin_roles`.*, `evs_admin_role_users`.`user_id` as `pivot_user_id`, `evs_admin_role_users`.`role_id` as `pivot_role_id`, `evs_admin_role_users`.`created_at` as `pivot_created_at`, `evs_admin_role_users`.`updated_at` as `pivot_updated_at` from `evs_admin_roles` inner join `evs_admin_role_users` on `evs_admin_roles`.`id` = `evs_admin_role_users`.`role_id` where `evs_admin_role_users`.`user_id` = 1"} 
[2023-01-12 00:27:43] local.INFO: [日志跟踪] {"sql":"select * from `evs_admin_users` where `id` = 1 limit 1"} 
[2023-01-12 00:27:44] local.INFO: [日志跟踪] {"sql":"select * from `evs_admin_users` where `id` = 1 limit 1"} 
[2023-01-12 00:27:44] local.INFO: [日志跟踪] {"sql":"select * from `evs_admin_users` where `id` = 1 limit 1"} 
[2023-01-12 00:27:45] local.INFO: [日志跟踪] {"sql":"select * from `evs_admin_users` where `id` = 1 limit 1"} 
[2023-01-12 00:29:40] local.INFO: [日志跟踪] {"sql":"select * from `evs_admin_users` where `id` = 1 limit 1"} 
[2023-01-12 00:29:42] local.INFO: [日志跟踪] {"sql":"select * from `evs_admin_menu` order by `order` asc"} 
[2023-01-12 00:29:43] local.INFO: [日志跟踪] {"sql":"select `evs_admin_permissions`.*, `evs_admin_permission_menu`.`menu_id` as `pivot_menu_id`, `evs_admin_permission_menu`.`permission_id` as `pivot_permission_id`, `evs_admin_permission_menu`.`created_at` as `pivot_created_at`, `evs_admin_permission_menu`.`updated_at` as `pivot_updated_at` from `evs_admin_permissions` inner join `evs_admin_permission_menu` on `evs_admin_permissions`.`id` = `evs_admin_permission_menu`.`permission_id` where `evs_admin_permission_menu`.`menu_id` in (1, 2, 3, 4, 5, 6, 8, 9)"} 
[2023-01-12 00:29:44] local.INFO: [日志跟踪] {"sql":"select `evs_admin_roles`.*, `evs_admin_role_menu`.`menu_id` as `pivot_menu_id`, `evs_admin_role_menu`.`role_id` as `pivot_role_id`, `evs_admin_role_menu`.`created_at` as `pivot_created_at`, `evs_admin_role_menu`.`updated_at` as `pivot_updated_at` from `evs_admin_roles` inner join `evs_admin_role_menu` on `evs_admin_roles`.`id` = `evs_admin_role_menu`.`role_id` where `evs_admin_role_menu`.`menu_id` in (1, 2, 3, 4, 5, 6, 8, 9)"} 
[2023-01-12 00:29:44] local.INFO: [日志跟踪] {"sql":"select `evs_admin_roles`.*, `evs_admin_role_users`.`user_id` as `pivot_user_id`, `evs_admin_role_users`.`role_id` as `pivot_role_id`, `evs_admin_role_users`.`created_at` as `pivot_created_at`, `evs_admin_role_users`.`updated_at` as `pivot_updated_at` from `evs_admin_roles` inner join `evs_admin_role_users` on `evs_admin_roles`.`id` = `evs_admin_role_users`.`role_id` where `evs_admin_role_users`.`user_id` = 1"} 
[2023-01-12 00:29:48] local.INFO: [日志跟踪] {"sql":"select * from `evs_admin_users` where `id` = 1 limit 1"} 
[2023-01-12 00:29:48] local.INFO: [日志跟踪] {"sql":"select * from `evs_admin_users` where `id` = 1 limit 1"} 
[2023-01-12 00:29:49] local.INFO: [日志跟踪] {"sql":"select * from `evs_admin_users` where `id` = 1 limit 1"} 
[2023-01-12 00:29:51] local.INFO: [日志跟踪] {"sql":"select * from `evs_admin_users` where `id` = 1 limit 1"} 
