[2023-01-14 22:36:43] local.INFO: [日志跟踪] {"sql":"select * from `evs_admin_users` where `username` = 'admin' limit 1"} 
[2023-01-14 22:36:48] local.INFO: [日志跟踪] {"sql":"select * from `evs_admin_users` where `id` = 1 limit 1"} 
[2023-01-14 22:36:48] local.INFO: [日志跟踪] {"sql":"select * from `evs_admin_menu` order by `order` asc"} 
[2023-01-14 22:36:49] local.INFO: [日志跟踪] {"sql":"select `evs_admin_permissions`.*, `evs_admin_permission_menu`.`menu_id` as `pivot_menu_id`, `evs_admin_permission_menu`.`permission_id` as `pivot_permission_id`, `evs_admin_permission_menu`.`created_at` as `pivot_created_at`, `evs_admin_permission_menu`.`updated_at` as `pivot_updated_at` from `evs_admin_permissions` inner join `evs_admin_permission_menu` on `evs_admin_permissions`.`id` = `evs_admin_permission_menu`.`permission_id` where `evs_admin_permission_menu`.`menu_id` in (1, 2, 3, 4, 5, 6, 8, 9)"} 
[2023-01-14 22:36:49] local.INFO: [日志跟踪] {"sql":"select `evs_admin_roles`.*, `evs_admin_role_menu`.`menu_id` as `pivot_menu_id`, `evs_admin_role_menu`.`role_id` as `pivot_role_id`, `evs_admin_role_menu`.`created_at` as `pivot_created_at`, `evs_admin_role_menu`.`updated_at` as `pivot_updated_at` from `evs_admin_roles` inner join `evs_admin_role_menu` on `evs_admin_roles`.`id` = `evs_admin_role_menu`.`role_id` where `evs_admin_role_menu`.`menu_id` in (1, 2, 3, 4, 5, 6, 8, 9)"} 
[2023-01-14 22:36:50] local.INFO: [日志跟踪] {"sql":"select `evs_admin_roles`.*, `evs_admin_role_users`.`user_id` as `pivot_user_id`, `evs_admin_role_users`.`role_id` as `pivot_role_id`, `evs_admin_role_users`.`created_at` as `pivot_created_at`, `evs_admin_role_users`.`updated_at` as `pivot_updated_at` from `evs_admin_roles` inner join `evs_admin_role_users` on `evs_admin_roles`.`id` = `evs_admin_role_users`.`role_id` where `evs_admin_role_users`.`user_id` = 1"} 
[2023-01-14 22:36:54] local.INFO: [日志跟踪] {"sql":"select * from `evs_admin_users` where `id` = 1 limit 1"} 
[2023-01-14 22:36:54] local.INFO: [日志跟踪] {"sql":"select * from `evs_admin_users` where `id` = 1 limit 1"} 
[2023-01-14 22:36:54] local.INFO: [日志跟踪] {"sql":"select * from `evs_admin_users` where `id` = 1 limit 1"} 
[2023-01-14 22:36:55] local.INFO: [日志跟踪] {"sql":"select * from `evs_admin_users` where `id` = 1 limit 1"} 
[2023-01-14 22:45:54] local.INFO: [日志跟踪] {"sql":"select * from `evs_admin_users` where `username` = 'admin' limit 1"} 
[2023-01-14 22:45:59] local.INFO: [日志跟踪] {"sql":"select * from `evs_admin_users` where `id` = 1 limit 1"} 
[2023-01-14 22:46:00] local.INFO: [日志跟踪] {"sql":"select * from `evs_admin_menu` order by `order` asc"} 
[2023-01-14 22:46:00] local.INFO: [日志跟踪] {"sql":"select `evs_admin_permissions`.*, `evs_admin_permission_menu`.`menu_id` as `pivot_menu_id`, `evs_admin_permission_menu`.`permission_id` as `pivot_permission_id`, `evs_admin_permission_menu`.`created_at` as `pivot_created_at`, `evs_admin_permission_menu`.`updated_at` as `pivot_updated_at` from `evs_admin_permissions` inner join `evs_admin_permission_menu` on `evs_admin_permissions`.`id` = `evs_admin_permission_menu`.`permission_id` where `evs_admin_permission_menu`.`menu_id` in (1, 2, 3, 4, 5, 6, 8, 9)"} 
[2023-01-14 22:46:01] local.INFO: [日志跟踪] {"sql":"select `evs_admin_roles`.*, `evs_admin_role_menu`.`menu_id` as `pivot_menu_id`, `evs_admin_role_menu`.`role_id` as `pivot_role_id`, `evs_admin_role_menu`.`created_at` as `pivot_created_at`, `evs_admin_role_menu`.`updated_at` as `pivot_updated_at` from `evs_admin_roles` inner join `evs_admin_role_menu` on `evs_admin_roles`.`id` = `evs_admin_role_menu`.`role_id` where `evs_admin_role_menu`.`menu_id` in (1, 2, 3, 4, 5, 6, 8, 9)"} 
[2023-01-14 22:46:02] local.INFO: [日志跟踪] {"sql":"select `evs_admin_roles`.*, `evs_admin_role_users`.`user_id` as `pivot_user_id`, `evs_admin_role_users`.`role_id` as `pivot_role_id`, `evs_admin_role_users`.`created_at` as `pivot_created_at`, `evs_admin_role_users`.`updated_at` as `pivot_updated_at` from `evs_admin_roles` inner join `evs_admin_role_users` on `evs_admin_roles`.`id` = `evs_admin_role_users`.`role_id` where `evs_admin_role_users`.`user_id` = 1"} 
[2023-01-14 22:46:06] local.INFO: [日志跟踪] {"sql":"select * from `evs_admin_users` where `id` = 1 limit 1"} 
[2023-01-14 22:46:06] local.INFO: [日志跟踪] {"sql":"select * from `evs_admin_users` where `id` = 1 limit 1"} 
[2023-01-14 22:46:06] local.INFO: [日志跟踪] {"sql":"select * from `evs_admin_users` where `id` = 1 limit 1"} 
[2023-01-14 22:46:06] local.INFO: [日志跟踪] {"sql":"select * from `evs_admin_users` where `id` = 1 limit 1"} 
[2023-01-14 22:46:10] local.INFO: [日志跟踪] {"sql":"select * from `evs_admin_users` where `id` = 1 limit 1"} 
[2023-01-14 22:46:11] local.INFO: [日志跟踪] {"sql":"select `evs_admin_roles`.*, `evs_admin_role_users`.`user_id` as `pivot_user_id`, `evs_admin_role_users`.`role_id` as `pivot_role_id`, `evs_admin_role_users`.`created_at` as `pivot_created_at`, `evs_admin_role_users`.`updated_at` as `pivot_updated_at` from `evs_admin_roles` inner join `evs_admin_role_users` on `evs_admin_roles`.`id` = `evs_admin_role_users`.`role_id` where `evs_admin_role_users`.`user_id` = 1"} 
[2023-01-14 22:46:12] local.INFO: [日志跟踪] {"sql":"select count(*) as aggregate from `evs_bank` where `evs_bank`.`deleted_at` is null"} 
[2023-01-14 22:46:12] local.INFO: [日志跟踪] {"sql":"select * from `evs_bank` where `evs_bank`.`deleted_at` is null limit 20 offset 0"} 
[2023-01-14 22:46:13] local.INFO: [日志跟踪] {"sql":"select * from `evs_user` where `evs_user`.`id` is null limit 1"} 
[2023-01-14 22:46:22] local.INFO: [日志跟踪] {"sql":"select * from `evs_admin_users` where `id` = 1 limit 1"} 
[2023-01-14 22:46:23] local.INFO: [日志跟踪] {"sql":"select `evs_admin_roles`.*, `evs_admin_role_users`.`user_id` as `pivot_user_id`, `evs_admin_role_users`.`role_id` as `pivot_role_id`, `evs_admin_role_users`.`created_at` as `pivot_created_at`, `evs_admin_role_users`.`updated_at` as `pivot_updated_at` from `evs_admin_roles` inner join `evs_admin_role_users` on `evs_admin_roles`.`id` = `evs_admin_role_users`.`role_id` where `evs_admin_role_users`.`user_id` = 1"} 
[2023-01-14 22:46:24] local.INFO: [日志跟踪] {"sql":"select count(*) as aggregate from `evs_bank` where `evs_bank`.`deleted_at` is null"} 
[2023-01-14 22:46:24] local.INFO: [日志跟踪] {"sql":"select * from `evs_bank` where `evs_bank`.`deleted_at` is null limit 20 offset 0"} 
[2023-01-14 22:46:25] local.INFO: [日志跟踪] {"sql":"select * from `evs_user` where `evs_user`.`id` is null limit 1"} 
[2023-01-14 22:48:15] local.INFO: [日志跟踪] {"sql":"select * from `evs_admin_users` where `id` = 1 limit 1"} 
[2023-01-14 22:48:16] local.INFO: [日志跟踪] {"sql":"select `evs_admin_roles`.*, `evs_admin_role_users`.`user_id` as `pivot_user_id`, `evs_admin_role_users`.`role_id` as `pivot_role_id`, `evs_admin_role_users`.`created_at` as `pivot_created_at`, `evs_admin_role_users`.`updated_at` as `pivot_updated_at` from `evs_admin_roles` inner join `evs_admin_role_users` on `evs_admin_roles`.`id` = `evs_admin_role_users`.`role_id` where `evs_admin_role_users`.`user_id` = 1"} 
[2023-01-14 22:48:17] local.INFO: [日志跟踪] {"sql":"select count(*) as aggregate from `evs_bank` where `evs_bank`.`deleted_at` is null"} 
[2023-01-14 22:48:17] local.INFO: [日志跟踪] {"sql":"select * from `evs_bank` where `evs_bank`.`deleted_at` is null limit 20 offset 0"} 
[2023-01-14 22:48:18] local.INFO: [日志跟踪] {"sql":"select * from `evs_user` where `evs_user`.`id` is null limit 1"} 
[2023-01-14 22:48:18] local.INFO: [日志跟踪] {"sql":"select * from `evs_user` where `evs_user`.`id` is null limit 1"} 
[2023-01-14 22:48:19] local.INFO: [日志跟踪] {"sql":"select * from `evs_admin_menu` order by `order` asc"} 
[2023-01-14 22:48:20] local.INFO: [日志跟踪] {"sql":"select `evs_admin_permissions`.*, `evs_admin_permission_menu`.`menu_id` as `pivot_menu_id`, `evs_admin_permission_menu`.`permission_id` as `pivot_permission_id`, `evs_admin_permission_menu`.`created_at` as `pivot_created_at`, `evs_admin_permission_menu`.`updated_at` as `pivot_updated_at` from `evs_admin_permissions` inner join `evs_admin_permission_menu` on `evs_admin_permissions`.`id` = `evs_admin_permission_menu`.`permission_id` where `evs_admin_permission_menu`.`menu_id` in (1, 2, 3, 4, 5, 6, 8, 9)"} 
[2023-01-14 22:48:20] local.INFO: [日志跟踪] {"sql":"select `evs_admin_roles`.*, `evs_admin_role_menu`.`menu_id` as `pivot_menu_id`, `evs_admin_role_menu`.`role_id` as `pivot_role_id`, `evs_admin_role_menu`.`created_at` as `pivot_created_at`, `evs_admin_role_menu`.`updated_at` as `pivot_updated_at` from `evs_admin_roles` inner join `evs_admin_role_menu` on `evs_admin_roles`.`id` = `evs_admin_role_menu`.`role_id` where `evs_admin_role_menu`.`menu_id` in (1, 2, 3, 4, 5, 6, 8, 9)"} 
[2023-01-14 22:56:54] local.INFO: [日志跟踪] {"sql":"select * from `evs_admin_users` where `id` = 1 limit 1"} 
[2023-01-14 22:56:54] local.INFO: [日志跟踪] {"sql":"select `evs_admin_roles`.*, `evs_admin_role_users`.`user_id` as `pivot_user_id`, `evs_admin_role_users`.`role_id` as `pivot_role_id`, `evs_admin_role_users`.`created_at` as `pivot_created_at`, `evs_admin_role_users`.`updated_at` as `pivot_updated_at` from `evs_admin_roles` inner join `evs_admin_role_users` on `evs_admin_roles`.`id` = `evs_admin_role_users`.`role_id` where `evs_admin_role_users`.`user_id` = 1"} 
[2023-01-14 22:56:55] local.INFO: [日志跟踪] {"sql":"select * from `evs_admin_menu` order by `order` asc"} 
[2023-01-14 22:56:56] local.INFO: [日志跟踪] {"sql":"select `evs_admin_permissions`.*, `evs_admin_permission_menu`.`menu_id` as `pivot_menu_id`, `evs_admin_permission_menu`.`permission_id` as `pivot_permission_id`, `evs_admin_permission_menu`.`created_at` as `pivot_created_at`, `evs_admin_permission_menu`.`updated_at` as `pivot_updated_at` from `evs_admin_permissions` inner join `evs_admin_permission_menu` on `evs_admin_permissions`.`id` = `evs_admin_permission_menu`.`permission_id` where `evs_admin_permission_menu`.`menu_id` in (1, 2, 3, 4, 5, 6, 8, 9)"} 
[2023-01-14 22:56:56] local.INFO: [日志跟踪] {"sql":"select `evs_admin_roles`.*, `evs_admin_role_menu`.`menu_id` as `pivot_menu_id`, `evs_admin_role_menu`.`role_id` as `pivot_role_id`, `evs_admin_role_menu`.`created_at` as `pivot_created_at`, `evs_admin_role_menu`.`updated_at` as `pivot_updated_at` from `evs_admin_roles` inner join `evs_admin_role_menu` on `evs_admin_roles`.`id` = `evs_admin_role_menu`.`role_id` where `evs_admin_role_menu`.`menu_id` in (1, 2, 3, 4, 5, 6, 8, 9)"} 
[2023-01-14 22:56:57] local.INFO: [日志跟踪] {"sql":"select * from `evs_admin_menu` order by `order` asc"} 
[2023-01-14 22:56:58] local.INFO: [日志跟踪] {"sql":"select `evs_admin_permissions`.*, `evs_admin_permission_menu`.`menu_id` as `pivot_menu_id`, `evs_admin_permission_menu`.`permission_id` as `pivot_permission_id`, `evs_admin_permission_menu`.`created_at` as `pivot_created_at`, `evs_admin_permission_menu`.`updated_at` as `pivot_updated_at` from `evs_admin_permissions` inner join `evs_admin_permission_menu` on `evs_admin_permissions`.`id` = `evs_admin_permission_menu`.`permission_id` where `evs_admin_permission_menu`.`menu_id` in (1, 2, 3, 4, 5, 6, 8, 9)"} 
[2023-01-14 22:56:59] local.INFO: [日志跟踪] {"sql":"select `evs_admin_roles`.*, `evs_admin_role_menu`.`menu_id` as `pivot_menu_id`, `evs_admin_role_menu`.`role_id` as `pivot_role_id`, `evs_admin_role_menu`.`created_at` as `pivot_created_at`, `evs_admin_role_menu`.`updated_at` as `pivot_updated_at` from `evs_admin_roles` inner join `evs_admin_role_menu` on `evs_admin_roles`.`id` = `evs_admin_role_menu`.`role_id` where `evs_admin_role_menu`.`menu_id` in (1, 2, 3, 4, 5, 6, 8, 9)"} 
[2023-01-14 22:56:59] local.INFO: [日志跟踪] {"sql":"select * from `evs_admin_roles`"} 
[2023-01-14 22:57:00] local.INFO: [日志跟踪] {"sql":"select * from `evs_admin_permissions` order by `order` asc"} 
[2023-01-14 22:59:30] local.INFO: [日志跟踪] {"sql":"select * from `evs_admin_users` where `id` = 1 limit 1"} 
[2023-01-14 22:59:31] local.INFO: [日志跟踪] {"sql":"select `evs_admin_roles`.*, `evs_admin_role_users`.`user_id` as `pivot_user_id`, `evs_admin_role_users`.`role_id` as `pivot_role_id`, `evs_admin_role_users`.`created_at` as `pivot_created_at`, `evs_admin_role_users`.`updated_at` as `pivot_updated_at` from `evs_admin_roles` inner join `evs_admin_role_users` on `evs_admin_roles`.`id` = `evs_admin_role_users`.`role_id` where `evs_admin_role_users`.`user_id` = 1"} 
[2023-01-14 22:59:32] local.INFO: [日志跟踪] {"sql":"select max(`order`) as aggregate from `evs_admin_menu`"} 
[2023-01-14 22:59:32] local.INFO: [日志跟踪] {"sql":"insert into `evs_admin_menu` (`parent_id`, `title`, `icon`, `uri`, `order`, `updated_at`, `created_at`) values (0, '系统设置', 'fa-cog', '/admin/config/edit', 10, '2023-01-14 22:59:32', '2023-01-14 22:59:32')"} 
[2023-01-14 22:59:33] local.INFO: [日志跟踪] {"sql":"select * from `evs_admin_role_menu` where `evs_admin_role_menu`.`menu_id` = 10"} 
[2023-01-14 22:59:34] local.INFO: [日志跟踪] {"sql":"select * from `evs_admin_permission_menu` where `evs_admin_permission_menu`.`menu_id` = 10"} 
[2023-01-14 22:59:39] local.INFO: [日志跟踪] {"sql":"select * from `evs_admin_users` where `id` = 1 limit 1"} 
[2023-01-14 22:59:39] local.INFO: [日志跟踪] {"sql":"select `evs_admin_roles`.*, `evs_admin_role_users`.`user_id` as `pivot_user_id`, `evs_admin_role_users`.`role_id` as `pivot_role_id`, `evs_admin_role_users`.`created_at` as `pivot_created_at`, `evs_admin_role_users`.`updated_at` as `pivot_updated_at` from `evs_admin_roles` inner join `evs_admin_role_users` on `evs_admin_roles`.`id` = `evs_admin_role_users`.`role_id` where `evs_admin_role_users`.`user_id` = 1"} 
[2023-01-14 22:59:40] local.INFO: [日志跟踪] {"sql":"select * from `evs_admin_menu` order by `order` asc"} 
[2023-01-14 22:59:41] local.INFO: [日志跟踪] {"sql":"select `evs_admin_permissions`.*, `evs_admin_permission_menu`.`menu_id` as `pivot_menu_id`, `evs_admin_permission_menu`.`permission_id` as `pivot_permission_id`, `evs_admin_permission_menu`.`created_at` as `pivot_created_at`, `evs_admin_permission_menu`.`updated_at` as `pivot_updated_at` from `evs_admin_permissions` inner join `evs_admin_permission_menu` on `evs_admin_permissions`.`id` = `evs_admin_permission_menu`.`permission_id` where `evs_admin_permission_menu`.`menu_id` in (1, 2, 3, 4, 5, 6, 8, 9, 10)"} 
[2023-01-14 22:59:41] local.INFO: [日志跟踪] {"sql":"select `evs_admin_roles`.*, `evs_admin_role_menu`.`menu_id` as `pivot_menu_id`, `evs_admin_role_menu`.`role_id` as `pivot_role_id`, `evs_admin_role_menu`.`created_at` as `pivot_created_at`, `evs_admin_role_menu`.`updated_at` as `pivot_updated_at` from `evs_admin_roles` inner join `evs_admin_role_menu` on `evs_admin_roles`.`id` = `evs_admin_role_menu`.`role_id` where `evs_admin_role_menu`.`menu_id` in (1, 2, 3, 4, 5, 6, 8, 9, 10)"} 
[2023-01-14 22:59:42] local.INFO: [日志跟踪] {"sql":"select * from `evs_admin_menu` order by `order` asc"} 
[2023-01-14 22:59:43] local.INFO: [日志跟踪] {"sql":"select `evs_admin_permissions`.*, `evs_admin_permission_menu`.`menu_id` as `pivot_menu_id`, `evs_admin_permission_menu`.`permission_id` as `pivot_permission_id`, `evs_admin_permission_menu`.`created_at` as `pivot_created_at`, `evs_admin_permission_menu`.`updated_at` as `pivot_updated_at` from `evs_admin_permissions` inner join `evs_admin_permission_menu` on `evs_admin_permissions`.`id` = `evs_admin_permission_menu`.`permission_id` where `evs_admin_permission_menu`.`menu_id` in (1, 2, 3, 4, 5, 6, 8, 9, 10)"} 
[2023-01-14 22:59:44] local.INFO: [日志跟踪] {"sql":"select `evs_admin_roles`.*, `evs_admin_role_menu`.`menu_id` as `pivot_menu_id`, `evs_admin_role_menu`.`role_id` as `pivot_role_id`, `evs_admin_role_menu`.`created_at` as `pivot_created_at`, `evs_admin_role_menu`.`updated_at` as `pivot_updated_at` from `evs_admin_roles` inner join `evs_admin_role_menu` on `evs_admin_roles`.`id` = `evs_admin_role_menu`.`role_id` where `evs_admin_role_menu`.`menu_id` in (1, 2, 3, 4, 5, 6, 8, 9, 10)"} 
[2023-01-14 22:59:45] local.INFO: [日志跟踪] {"sql":"select * from `evs_admin_roles`"} 
[2023-01-14 22:59:45] local.INFO: [日志跟踪] {"sql":"select * from `evs_admin_permissions` order by `order` asc"} 
[2023-01-14 22:59:46] local.INFO: [日志跟踪] {"sql":"select * from `evs_admin_menu` order by `order` asc"} 
[2023-01-14 22:59:47] local.INFO: [日志跟踪] {"sql":"select `evs_admin_permissions`.*, `evs_admin_permission_menu`.`menu_id` as `pivot_menu_id`, `evs_admin_permission_menu`.`permission_id` as `pivot_permission_id`, `evs_admin_permission_menu`.`created_at` as `pivot_created_at`, `evs_admin_permission_menu`.`updated_at` as `pivot_updated_at` from `evs_admin_permissions` inner join `evs_admin_permission_menu` on `evs_admin_permissions`.`id` = `evs_admin_permission_menu`.`permission_id` where `evs_admin_permission_menu`.`menu_id` in (1, 2, 3, 4, 5, 6, 8, 9, 10)"} 
[2023-01-14 22:59:47] local.INFO: [日志跟踪] {"sql":"select `evs_admin_roles`.*, `evs_admin_role_menu`.`menu_id` as `pivot_menu_id`, `evs_admin_role_menu`.`role_id` as `pivot_role_id`, `evs_admin_role_menu`.`created_at` as `pivot_created_at`, `evs_admin_role_menu`.`updated_at` as `pivot_updated_at` from `evs_admin_roles` inner join `evs_admin_role_menu` on `evs_admin_roles`.`id` = `evs_admin_role_menu`.`role_id` where `evs_admin_role_menu`.`menu_id` in (1, 2, 3, 4, 5, 6, 8, 9, 10)"} 
[2023-01-14 23:08:47] local.INFO: [日志跟踪] {"sql":"select * from `evs_admin_users` where `id` = 1 limit 1"} 
[2023-01-14 23:08:48] local.INFO: [日志跟踪] {"sql":"select `evs_admin_roles`.*, `evs_admin_role_users`.`user_id` as `pivot_user_id`, `evs_admin_role_users`.`role_id` as `pivot_role_id`, `evs_admin_role_users`.`created_at` as `pivot_created_at`, `evs_admin_role_users`.`updated_at` as `pivot_updated_at` from `evs_admin_roles` inner join `evs_admin_role_users` on `evs_admin_roles`.`id` = `evs_admin_role_users`.`role_id` where `evs_admin_role_users`.`user_id` = 1"} 
[2023-01-14 23:08:49] local.INFO: [日志跟踪] {"sql":"select * from `evs_admin_menu` where `evs_admin_menu`.`id` = '10' limit 1"} 
[2023-01-14 23:08:49] local.INFO: [日志跟踪] {"sql":"select `evs_admin_permissions`.*, `evs_admin_permission_menu`.`menu_id` as `pivot_menu_id`, `evs_admin_permission_menu`.`permission_id` as `pivot_permission_id`, `evs_admin_permission_menu`.`created_at` as `pivot_created_at`, `evs_admin_permission_menu`.`updated_at` as `pivot_updated_at` from `evs_admin_permissions` inner join `evs_admin_permission_menu` on `evs_admin_permissions`.`id` = `evs_admin_permission_menu`.`permission_id` where `evs_admin_permission_menu`.`menu_id` in (10)"} 
[2023-01-14 23:08:50] local.INFO: [日志跟踪] {"sql":"select `evs_admin_roles`.*, `evs_admin_role_menu`.`menu_id` as `pivot_menu_id`, `evs_admin_role_menu`.`role_id` as `pivot_role_id`, `evs_admin_role_menu`.`created_at` as `pivot_created_at`, `evs_admin_role_menu`.`updated_at` as `pivot_updated_at` from `evs_admin_roles` inner join `evs_admin_role_menu` on `evs_admin_roles`.`id` = `evs_admin_role_menu`.`role_id` where `evs_admin_role_menu`.`menu_id` in (10)"} 
[2023-01-14 23:08:50] local.INFO: [日志跟踪] {"sql":"select * from `evs_admin_menu` order by `order` asc"} 
[2023-01-14 23:08:51] local.INFO: [日志跟踪] {"sql":"select `evs_admin_permissions`.*, `evs_admin_permission_menu`.`menu_id` as `pivot_menu_id`, `evs_admin_permission_menu`.`permission_id` as `pivot_permission_id`, `evs_admin_permission_menu`.`created_at` as `pivot_created_at`, `evs_admin_permission_menu`.`updated_at` as `pivot_updated_at` from `evs_admin_permissions` inner join `evs_admin_permission_menu` on `evs_admin_permissions`.`id` = `evs_admin_permission_menu`.`permission_id` where `evs_admin_permission_menu`.`menu_id` in (1, 2, 3, 4, 5, 6, 8, 9, 10)"} 
[2023-01-14 23:08:51] local.INFO: [日志跟踪] {"sql":"select `evs_admin_roles`.*, `evs_admin_role_menu`.`menu_id` as `pivot_menu_id`, `evs_admin_role_menu`.`role_id` as `pivot_role_id`, `evs_admin_role_menu`.`created_at` as `pivot_created_at`, `evs_admin_role_menu`.`updated_at` as `pivot_updated_at` from `evs_admin_roles` inner join `evs_admin_role_menu` on `evs_admin_roles`.`id` = `evs_admin_role_menu`.`role_id` where `evs_admin_role_menu`.`menu_id` in (1, 2, 3, 4, 5, 6, 8, 9, 10)"} 
[2023-01-14 23:08:52] local.INFO: [日志跟踪] {"sql":"select * from `evs_admin_roles`"} 
[2023-01-14 23:08:52] local.INFO: [日志跟踪] {"sql":"select * from `evs_admin_permissions` order by `order` asc"} 
[2023-01-14 23:09:01] local.INFO: [日志跟踪] {"sql":"select * from `evs_admin_users` where `id` = 1 limit 1"} 
[2023-01-14 23:09:01] local.INFO: [日志跟踪] {"sql":"select `evs_admin_roles`.*, `evs_admin_role_users`.`user_id` as `pivot_user_id`, `evs_admin_role_users`.`role_id` as `pivot_role_id`, `evs_admin_role_users`.`created_at` as `pivot_created_at`, `evs_admin_role_users`.`updated_at` as `pivot_updated_at` from `evs_admin_roles` inner join `evs_admin_role_users` on `evs_admin_roles`.`id` = `evs_admin_role_users`.`role_id` where `evs_admin_role_users`.`user_id` = 1"} 
[2023-01-14 23:09:02] local.INFO: [日志跟踪] {"sql":"select * from `evs_admin_menu` where `evs_admin_menu`.`id` = '10' limit 1"} 
[2023-01-14 23:09:03] local.INFO: [日志跟踪] {"sql":"select `evs_admin_permissions`.*, `evs_admin_permission_menu`.`menu_id` as `pivot_menu_id`, `evs_admin_permission_menu`.`permission_id` as `pivot_permission_id`, `evs_admin_permission_menu`.`created_at` as `pivot_created_at`, `evs_admin_permission_menu`.`updated_at` as `pivot_updated_at` from `evs_admin_permissions` inner join `evs_admin_permission_menu` on `evs_admin_permissions`.`id` = `evs_admin_permission_menu`.`permission_id` where `evs_admin_permission_menu`.`menu_id` in (10)"} 
[2023-01-14 23:09:03] local.INFO: [日志跟踪] {"sql":"select `evs_admin_roles`.*, `evs_admin_role_menu`.`menu_id` as `pivot_menu_id`, `evs_admin_role_menu`.`role_id` as `pivot_role_id`, `evs_admin_role_menu`.`created_at` as `pivot_created_at`, `evs_admin_role_menu`.`updated_at` as `pivot_updated_at` from `evs_admin_roles` inner join `evs_admin_role_menu` on `evs_admin_roles`.`id` = `evs_admin_role_menu`.`role_id` where `evs_admin_role_menu`.`menu_id` in (10)"} 
[2023-01-14 23:09:04] local.INFO: [日志跟踪] {"sql":"update `evs_admin_menu` set `uri` = '/config/edit', `evs_admin_menu`.`updated_at` = '2023-01-14 23:09:04' where `id` = 10"} 
[2023-01-14 23:09:05] local.INFO: [日志跟踪] {"sql":"select * from `evs_admin_role_menu` where `evs_admin_role_menu`.`menu_id` = 10"} 
[2023-01-14 23:09:05] local.INFO: [日志跟踪] {"sql":"select * from `evs_admin_permission_menu` where `evs_admin_permission_menu`.`menu_id` = 10"} 
[2023-01-14 23:09:09] local.INFO: [日志跟踪] {"sql":"select * from `evs_admin_users` where `id` = 1 limit 1"} 
[2023-01-14 23:09:09] local.INFO: [日志跟踪] {"sql":"select `evs_admin_roles`.*, `evs_admin_role_users`.`user_id` as `pivot_user_id`, `evs_admin_role_users`.`role_id` as `pivot_role_id`, `evs_admin_role_users`.`created_at` as `pivot_created_at`, `evs_admin_role_users`.`updated_at` as `pivot_updated_at` from `evs_admin_roles` inner join `evs_admin_role_users` on `evs_admin_roles`.`id` = `evs_admin_role_users`.`role_id` where `evs_admin_role_users`.`user_id` = 1"} 
[2023-01-14 23:09:10] local.INFO: [日志跟踪] {"sql":"select * from `evs_admin_menu` order by `order` asc"} 
[2023-01-14 23:09:11] local.INFO: [日志跟踪] {"sql":"select `evs_admin_permissions`.*, `evs_admin_permission_menu`.`menu_id` as `pivot_menu_id`, `evs_admin_permission_menu`.`permission_id` as `pivot_permission_id`, `evs_admin_permission_menu`.`created_at` as `pivot_created_at`, `evs_admin_permission_menu`.`updated_at` as `pivot_updated_at` from `evs_admin_permissions` inner join `evs_admin_permission_menu` on `evs_admin_permissions`.`id` = `evs_admin_permission_menu`.`permission_id` where `evs_admin_permission_menu`.`menu_id` in (1, 2, 3, 4, 5, 6, 8, 9, 10)"} 
[2023-01-14 23:09:11] local.INFO: [日志跟踪] {"sql":"select `evs_admin_roles`.*, `evs_admin_role_menu`.`menu_id` as `pivot_menu_id`, `evs_admin_role_menu`.`role_id` as `pivot_role_id`, `evs_admin_role_menu`.`created_at` as `pivot_created_at`, `evs_admin_role_menu`.`updated_at` as `pivot_updated_at` from `evs_admin_roles` inner join `evs_admin_role_menu` on `evs_admin_roles`.`id` = `evs_admin_role_menu`.`role_id` where `evs_admin_role_menu`.`menu_id` in (1, 2, 3, 4, 5, 6, 8, 9, 10)"} 
[2023-01-14 23:09:12] local.INFO: [日志跟踪] {"sql":"select * from `evs_admin_menu` order by `order` asc"} 
[2023-01-14 23:09:12] local.INFO: [日志跟踪] {"sql":"select `evs_admin_permissions`.*, `evs_admin_permission_menu`.`menu_id` as `pivot_menu_id`, `evs_admin_permission_menu`.`permission_id` as `pivot_permission_id`, `evs_admin_permission_menu`.`created_at` as `pivot_created_at`, `evs_admin_permission_menu`.`updated_at` as `pivot_updated_at` from `evs_admin_permissions` inner join `evs_admin_permission_menu` on `evs_admin_permissions`.`id` = `evs_admin_permission_menu`.`permission_id` where `evs_admin_permission_menu`.`menu_id` in (1, 2, 3, 4, 5, 6, 8, 9, 10)"} 
[2023-01-14 23:09:13] local.INFO: [日志跟踪] {"sql":"select `evs_admin_roles`.*, `evs_admin_role_menu`.`menu_id` as `pivot_menu_id`, `evs_admin_role_menu`.`role_id` as `pivot_role_id`, `evs_admin_role_menu`.`created_at` as `pivot_created_at`, `evs_admin_role_menu`.`updated_at` as `pivot_updated_at` from `evs_admin_roles` inner join `evs_admin_role_menu` on `evs_admin_roles`.`id` = `evs_admin_role_menu`.`role_id` where `evs_admin_role_menu`.`menu_id` in (1, 2, 3, 4, 5, 6, 8, 9, 10)"} 
[2023-01-14 23:09:13] local.INFO: [日志跟踪] {"sql":"select * from `evs_admin_roles`"} 
[2023-01-14 23:09:14] local.INFO: [日志跟踪] {"sql":"select * from `evs_admin_permissions` order by `order` asc"} 
[2023-01-14 23:09:19] local.INFO: [日志跟踪] {"sql":"select * from `evs_admin_users` where `id` = 1 limit 1"} 
[2023-01-14 23:09:20] local.INFO: [日志跟踪] {"sql":"select `evs_admin_roles`.*, `evs_admin_role_users`.`user_id` as `pivot_user_id`, `evs_admin_role_users`.`role_id` as `pivot_role_id`, `evs_admin_role_users`.`created_at` as `pivot_created_at`, `evs_admin_role_users`.`updated_at` as `pivot_updated_at` from `evs_admin_roles` inner join `evs_admin_role_users` on `evs_admin_roles`.`id` = `evs_admin_role_users`.`role_id` where `evs_admin_role_users`.`user_id` = 1"} 
[2023-01-14 23:09:20] local.INFO: [日志跟踪] {"sql":"select * from `evs_admin_menu` order by `order` asc"} 
[2023-01-14 23:09:21] local.INFO: [日志跟踪] {"sql":"select `evs_admin_permissions`.*, `evs_admin_permission_menu`.`menu_id` as `pivot_menu_id`, `evs_admin_permission_menu`.`permission_id` as `pivot_permission_id`, `evs_admin_permission_menu`.`created_at` as `pivot_created_at`, `evs_admin_permission_menu`.`updated_at` as `pivot_updated_at` from `evs_admin_permissions` inner join `evs_admin_permission_menu` on `evs_admin_permissions`.`id` = `evs_admin_permission_menu`.`permission_id` where `evs_admin_permission_menu`.`menu_id` in (1, 2, 3, 4, 5, 6, 8, 9, 10)"} 
[2023-01-14 23:09:21] local.INFO: [日志跟踪] {"sql":"select `evs_admin_roles`.*, `evs_admin_role_menu`.`menu_id` as `pivot_menu_id`, `evs_admin_role_menu`.`role_id` as `pivot_role_id`, `evs_admin_role_menu`.`created_at` as `pivot_created_at`, `evs_admin_role_menu`.`updated_at` as `pivot_updated_at` from `evs_admin_roles` inner join `evs_admin_role_menu` on `evs_admin_roles`.`id` = `evs_admin_role_menu`.`role_id` where `evs_admin_role_menu`.`menu_id` in (1, 2, 3, 4, 5, 6, 8, 9, 10)"} 
[2023-01-14 23:09:22] local.INFO: [日志跟踪] {"sql":"select * from `evs_admin_menu` order by `order` asc"} 
[2023-01-14 23:09:22] local.INFO: [日志跟踪] {"sql":"select `evs_admin_permissions`.*, `evs_admin_permission_menu`.`menu_id` as `pivot_menu_id`, `evs_admin_permission_menu`.`permission_id` as `pivot_permission_id`, `evs_admin_permission_menu`.`created_at` as `pivot_created_at`, `evs_admin_permission_menu`.`updated_at` as `pivot_updated_at` from `evs_admin_permissions` inner join `evs_admin_permission_menu` on `evs_admin_permissions`.`id` = `evs_admin_permission_menu`.`permission_id` where `evs_admin_permission_menu`.`menu_id` in (1, 2, 3, 4, 5, 6, 8, 9, 10)"} 
[2023-01-14 23:09:23] local.INFO: [日志跟踪] {"sql":"select `evs_admin_roles`.*, `evs_admin_role_menu`.`menu_id` as `pivot_menu_id`, `evs_admin_role_menu`.`role_id` as `pivot_role_id`, `evs_admin_role_menu`.`created_at` as `pivot_created_at`, `evs_admin_role_menu`.`updated_at` as `pivot_updated_at` from `evs_admin_roles` inner join `evs_admin_role_menu` on `evs_admin_roles`.`id` = `evs_admin_role_menu`.`role_id` where `evs_admin_role_menu`.`menu_id` in (1, 2, 3, 4, 5, 6, 8, 9, 10)"} 
[2023-01-14 23:09:23] local.INFO: [日志跟踪] {"sql":"select * from `evs_admin_roles`"} 
[2023-01-14 23:09:24] local.INFO: [日志跟踪] {"sql":"select * from `evs_admin_permissions` order by `order` asc"} 
[2023-01-14 23:09:25] local.INFO: [日志跟踪] {"sql":"select * from `evs_admin_menu` order by `order` asc"} 
[2023-01-14 23:09:25] local.INFO: [日志跟踪] {"sql":"select `evs_admin_permissions`.*, `evs_admin_permission_menu`.`menu_id` as `pivot_menu_id`, `evs_admin_permission_menu`.`permission_id` as `pivot_permission_id`, `evs_admin_permission_menu`.`created_at` as `pivot_created_at`, `evs_admin_permission_menu`.`updated_at` as `pivot_updated_at` from `evs_admin_permissions` inner join `evs_admin_permission_menu` on `evs_admin_permissions`.`id` = `evs_admin_permission_menu`.`permission_id` where `evs_admin_permission_menu`.`menu_id` in (1, 2, 3, 4, 5, 6, 8, 9, 10)"} 
[2023-01-14 23:09:26] local.INFO: [日志跟踪] {"sql":"select `evs_admin_roles`.*, `evs_admin_role_menu`.`menu_id` as `pivot_menu_id`, `evs_admin_role_menu`.`role_id` as `pivot_role_id`, `evs_admin_role_menu`.`created_at` as `pivot_created_at`, `evs_admin_role_menu`.`updated_at` as `pivot_updated_at` from `evs_admin_roles` inner join `evs_admin_role_menu` on `evs_admin_roles`.`id` = `evs_admin_role_menu`.`role_id` where `evs_admin_role_menu`.`menu_id` in (1, 2, 3, 4, 5, 6, 8, 9, 10)"} 
[2023-01-14 23:09:32] local.INFO: [日志跟踪] {"sql":"select * from `evs_admin_users` where `id` = 1 limit 1"} 
[2023-01-14 23:09:33] local.INFO: [日志跟踪] {"sql":"select `evs_admin_roles`.*, `evs_admin_role_users`.`user_id` as `pivot_user_id`, `evs_admin_role_users`.`role_id` as `pivot_role_id`, `evs_admin_role_users`.`created_at` as `pivot_created_at`, `evs_admin_role_users`.`updated_at` as `pivot_updated_at` from `evs_admin_roles` inner join `evs_admin_role_users` on `evs_admin_roles`.`id` = `evs_admin_role_users`.`role_id` where `evs_admin_role_users`.`user_id` = 1"} 
[2023-01-14 23:09:37] local.INFO: [日志跟踪] {"sql":"select * from `evs_admin_users` where `id` = 1 limit 1"} 
[2023-01-14 23:09:38] local.INFO: [日志跟踪] {"sql":"select `evs_admin_roles`.*, `evs_admin_role_users`.`user_id` as `pivot_user_id`, `evs_admin_role_users`.`role_id` as `pivot_role_id`, `evs_admin_role_users`.`created_at` as `pivot_created_at`, `evs_admin_role_users`.`updated_at` as `pivot_updated_at` from `evs_admin_roles` inner join `evs_admin_role_users` on `evs_admin_roles`.`id` = `evs_admin_role_users`.`role_id` where `evs_admin_role_users`.`user_id` = 1"} 
[2023-01-14 23:10:39] local.INFO: [日志跟踪] {"sql":"select * from `evs_admin_users` where `id` = 1 limit 1"} 
[2023-01-14 23:10:39] local.INFO: [日志跟踪] {"sql":"select `evs_admin_roles`.*, `evs_admin_role_users`.`user_id` as `pivot_user_id`, `evs_admin_role_users`.`role_id` as `pivot_role_id`, `evs_admin_role_users`.`created_at` as `pivot_created_at`, `evs_admin_role_users`.`updated_at` as `pivot_updated_at` from `evs_admin_roles` inner join `evs_admin_role_users` on `evs_admin_roles`.`id` = `evs_admin_role_users`.`role_id` where `evs_admin_role_users`.`user_id` = 1"} 
[2023-01-14 23:10:40] local.INFO: [日志跟踪] {"sql":"select * from `evs_admin_users` where `id` = 1 limit 1"} 
[2023-01-14 23:10:40] local.INFO: [日志跟踪] {"sql":"select count(*) as aggregate from `evs_user`"} 
[2023-01-14 23:10:40] local.INFO: [日志跟踪] {"sql":"select `evs_admin_roles`.*, `evs_admin_role_users`.`user_id` as `pivot_user_id`, `evs_admin_role_users`.`role_id` as `pivot_role_id`, `evs_admin_role_users`.`created_at` as `pivot_created_at`, `evs_admin_role_users`.`updated_at` as `pivot_updated_at` from `evs_admin_roles` inner join `evs_admin_role_users` on `evs_admin_roles`.`id` = `evs_admin_role_users`.`role_id` where `evs_admin_role_users`.`user_id` = 1"} 
[2023-01-14 23:10:40] local.INFO: [日志跟踪] {"sql":"select * from `evs_user` limit 20 offset 0"} 
[2023-01-14 23:10:41] local.INFO: [日志跟踪] {"sql":"select count(*) as aggregate from `evs_bank` where `evs_bank`.`deleted_at` is null"} 
[2023-01-14 23:10:41] local.INFO: [日志跟踪] {"sql":"select * from `evs_bank` where `evs_bank`.`deleted_at` is null limit 20 offset 0"} 
[2023-01-14 23:10:42] local.INFO: [日志跟踪] {"sql":"select * from `evs_user` where `evs_user`.`id` is null limit 1"} 
[2023-01-14 23:10:43] local.INFO: [日志跟踪] {"sql":"select * from `evs_user` where `evs_user`.`id` is null limit 1"} 
[2023-01-14 23:11:04] local.INFO: [日志跟踪] {"sql":"select * from `evs_admin_users` where `id` = 1 limit 1"} 
[2023-01-14 23:11:04] local.INFO: [日志跟踪] {"sql":"select `evs_admin_roles`.*, `evs_admin_role_users`.`user_id` as `pivot_user_id`, `evs_admin_role_users`.`role_id` as `pivot_role_id`, `evs_admin_role_users`.`created_at` as `pivot_created_at`, `evs_admin_role_users`.`updated_at` as `pivot_updated_at` from `evs_admin_roles` inner join `evs_admin_role_users` on `evs_admin_roles`.`id` = `evs_admin_role_users`.`role_id` where `evs_admin_role_users`.`user_id` = 1"} 
[2023-01-14 23:11:05] local.INFO: [日志跟踪] {"sql":"select * from `evs_admin_menu` order by `order` asc"} 
[2023-01-14 23:11:05] local.INFO: [日志跟踪] {"sql":"select `evs_admin_permissions`.*, `evs_admin_permission_menu`.`menu_id` as `pivot_menu_id`, `evs_admin_permission_menu`.`permission_id` as `pivot_permission_id`, `evs_admin_permission_menu`.`created_at` as `pivot_created_at`, `evs_admin_permission_menu`.`updated_at` as `pivot_updated_at` from `evs_admin_permissions` inner join `evs_admin_permission_menu` on `evs_admin_permissions`.`id` = `evs_admin_permission_menu`.`permission_id` where `evs_admin_permission_menu`.`menu_id` in (1, 2, 3, 4, 5, 6, 8, 9, 10)"} 
[2023-01-14 23:11:06] local.INFO: [日志跟踪] {"sql":"select `evs_admin_roles`.*, `evs_admin_role_menu`.`menu_id` as `pivot_menu_id`, `evs_admin_role_menu`.`role_id` as `pivot_role_id`, `evs_admin_role_menu`.`created_at` as `pivot_created_at`, `evs_admin_role_menu`.`updated_at` as `pivot_updated_at` from `evs_admin_roles` inner join `evs_admin_role_menu` on `evs_admin_roles`.`id` = `evs_admin_role_menu`.`role_id` where `evs_admin_role_menu`.`menu_id` in (1, 2, 3, 4, 5, 6, 8, 9, 10)"} 
[2023-01-14 23:11:06] local.INFO: [日志跟踪] {"sql":"select * from `evs_admin_menu` order by `order` asc"} 
[2023-01-14 23:11:07] local.INFO: [日志跟踪] {"sql":"select `evs_admin_permissions`.*, `evs_admin_permission_menu`.`menu_id` as `pivot_menu_id`, `evs_admin_permission_menu`.`permission_id` as `pivot_permission_id`, `evs_admin_permission_menu`.`created_at` as `pivot_created_at`, `evs_admin_permission_menu`.`updated_at` as `pivot_updated_at` from `evs_admin_permissions` inner join `evs_admin_permission_menu` on `evs_admin_permissions`.`id` = `evs_admin_permission_menu`.`permission_id` where `evs_admin_permission_menu`.`menu_id` in (1, 2, 3, 4, 5, 6, 8, 9, 10)"} 
[2023-01-14 23:11:08] local.INFO: [日志跟踪] {"sql":"select `evs_admin_roles`.*, `evs_admin_role_menu`.`menu_id` as `pivot_menu_id`, `evs_admin_role_menu`.`role_id` as `pivot_role_id`, `evs_admin_role_menu`.`created_at` as `pivot_created_at`, `evs_admin_role_menu`.`updated_at` as `pivot_updated_at` from `evs_admin_roles` inner join `evs_admin_role_menu` on `evs_admin_roles`.`id` = `evs_admin_role_menu`.`role_id` where `evs_admin_role_menu`.`menu_id` in (1, 2, 3, 4, 5, 6, 8, 9, 10)"} 
[2023-01-14 23:11:08] local.INFO: [日志跟踪] {"sql":"select * from `evs_admin_roles`"} 
[2023-01-14 23:11:09] local.INFO: [日志跟踪] {"sql":"select * from `evs_admin_permissions` order by `order` asc"} 
