[2023-01-17 08:21:50] local.INFO: [日志跟踪] {"sql":"select * from `evs_admin_users` where `id` = 1 limit 1"} 
[2023-01-17 08:21:50] local.INFO: [日志跟踪] {"sql":"select `value`, `slug` from `evs_admin_settings`"} 
[2023-01-17 08:21:50] local.INFO: [日志跟踪] {"sql":"select `evs_admin_roles`.*, `evs_admin_role_users`.`user_id` as `pivot_user_id`, `evs_admin_role_users`.`role_id` as `pivot_role_id`, `evs_admin_role_users`.`created_at` as `pivot_created_at`, `evs_admin_role_users`.`updated_at` as `pivot_updated_at` from `evs_admin_roles` inner join `evs_admin_role_users` on `evs_admin_roles`.`id` = `evs_admin_role_users`.`role_id` where `evs_admin_role_users`.`user_id` = 1"} 
[2023-01-17 08:21:50] local.INFO: [日志跟踪] {"sql":"select * from `evs_article` where `evs_article`.`id` in (2)"} 
[2023-01-17 08:21:50] local.INFO: [日志跟踪] {"sql":"delete from `evs_article` where `id` = 2"} 
[2023-01-17 08:21:50] local.INFO: [日志跟踪] {"sql":"select * from `evs_admin_users` where `id` = 1 limit 1"} 
[2023-01-17 08:21:50] local.INFO: [日志跟踪] {"sql":"select `value`, `slug` from `evs_admin_settings`"} 
[2023-01-17 08:21:50] local.INFO: [日志跟踪] {"sql":"select `evs_admin_roles`.*, `evs_admin_role_users`.`user_id` as `pivot_user_id`, `evs_admin_role_users`.`role_id` as `pivot_role_id`, `evs_admin_role_users`.`created_at` as `pivot_created_at`, `evs_admin_role_users`.`updated_at` as `pivot_updated_at` from `evs_admin_roles` inner join `evs_admin_role_users` on `evs_admin_roles`.`id` = `evs_admin_role_users`.`role_id` where `evs_admin_role_users`.`user_id` = 1"} 
[2023-01-17 08:21:50] local.INFO: [日志跟踪] {"sql":"select count(*) as aggregate from `evs_article`"} 
[2023-01-17 08:21:50] local.INFO: [日志跟踪] {"sql":"select * from `evs_article` limit 20 offset 0"} 
[2023-01-17 08:21:55] local.INFO: [日志跟踪] {"sql":"select * from `evs_admin_users` where `id` = 1 limit 1"} 
[2023-01-17 08:21:55] local.INFO: [日志跟踪] {"sql":"select `value`, `slug` from `evs_admin_settings`"} 
[2023-01-17 08:21:55] local.INFO: [日志跟踪] {"sql":"select `evs_admin_roles`.*, `evs_admin_role_users`.`user_id` as `pivot_user_id`, `evs_admin_role_users`.`role_id` as `pivot_role_id`, `evs_admin_role_users`.`created_at` as `pivot_created_at`, `evs_admin_role_users`.`updated_at` as `pivot_updated_at` from `evs_admin_roles` inner join `evs_admin_role_users` on `evs_admin_roles`.`id` = `evs_admin_role_users`.`role_id` where `evs_admin_role_users`.`user_id` = 1"} 
[2023-01-17 08:21:55] local.INFO: [日志跟踪] {"sql":"select * from `evs_article` where `evs_article`.`id` = '1' limit 1"} 
[2023-01-17 08:21:58] local.INFO: [日志跟踪] {"sql":"select * from `evs_admin_users` where `id` = 1 limit 1"} 
[2023-01-17 08:21:58] local.INFO: [日志跟踪] {"sql":"select `value`, `slug` from `evs_admin_settings`"} 
[2023-01-17 08:21:58] local.INFO: [日志跟踪] {"sql":"select `evs_admin_roles`.*, `evs_admin_role_users`.`user_id` as `pivot_user_id`, `evs_admin_role_users`.`role_id` as `pivot_role_id`, `evs_admin_role_users`.`created_at` as `pivot_created_at`, `evs_admin_role_users`.`updated_at` as `pivot_updated_at` from `evs_admin_roles` inner join `evs_admin_role_users` on `evs_admin_roles`.`id` = `evs_admin_role_users`.`role_id` where `evs_admin_role_users`.`user_id` = 1"} 
[2023-01-17 08:21:58] local.INFO: [日志跟踪] {"sql":"select * from `evs_article` where `evs_article`.`id` = '1' limit 1"} 
[2023-01-17 08:21:58] local.INFO: [日志跟踪] {"sql":"select * from `evs_admin_users` where `id` = 1 limit 1"} 
[2023-01-17 08:21:58] local.INFO: [日志跟踪] {"sql":"select `value`, `slug` from `evs_admin_settings`"} 
[2023-01-17 08:21:58] local.INFO: [日志跟踪] {"sql":"select `evs_admin_roles`.*, `evs_admin_role_users`.`user_id` as `pivot_user_id`, `evs_admin_role_users`.`role_id` as `pivot_role_id`, `evs_admin_role_users`.`created_at` as `pivot_created_at`, `evs_admin_role_users`.`updated_at` as `pivot_updated_at` from `evs_admin_roles` inner join `evs_admin_role_users` on `evs_admin_roles`.`id` = `evs_admin_role_users`.`role_id` where `evs_admin_role_users`.`user_id` = 1"} 
[2023-01-17 08:21:58] local.INFO: [日志跟踪] {"sql":"select count(*) as aggregate from `evs_article`"} 
[2023-01-17 08:21:58] local.INFO: [日志跟踪] {"sql":"select * from `evs_article` limit 20 offset 0"} 
[2023-01-17 08:24:32] local.INFO: [日志跟踪] {"sql":"select * from `evs_admin_users` where `id` = 1 limit 1"} 
[2023-01-17 08:24:32] local.INFO: [日志跟踪] {"sql":"select `value`, `slug` from `evs_admin_settings`"} 
[2023-01-17 08:24:32] local.INFO: [日志跟踪] {"sql":"select `evs_admin_roles`.*, `evs_admin_role_users`.`user_id` as `pivot_user_id`, `evs_admin_role_users`.`role_id` as `pivot_role_id`, `evs_admin_role_users`.`created_at` as `pivot_created_at`, `evs_admin_role_users`.`updated_at` as `pivot_updated_at` from `evs_admin_roles` inner join `evs_admin_role_users` on `evs_admin_roles`.`id` = `evs_admin_role_users`.`role_id` where `evs_admin_role_users`.`user_id` = 1"} 
[2023-01-17 08:24:32] local.INFO: [日志跟踪] {"sql":"select * from `evs_article` where `evs_article`.`id` = '1' limit 1"} 
[2023-01-17 08:24:37] local.INFO: [日志跟踪] {"sql":"select * from `evs_admin_users` where `id` = 1 limit 1"} 
[2023-01-17 08:24:37] local.INFO: [日志跟踪] {"sql":"select `value`, `slug` from `evs_admin_settings`"} 
[2023-01-17 08:24:37] local.INFO: [日志跟踪] {"sql":"select `evs_admin_roles`.*, `evs_admin_role_users`.`user_id` as `pivot_user_id`, `evs_admin_role_users`.`role_id` as `pivot_role_id`, `evs_admin_role_users`.`created_at` as `pivot_created_at`, `evs_admin_role_users`.`updated_at` as `pivot_updated_at` from `evs_admin_roles` inner join `evs_admin_role_users` on `evs_admin_roles`.`id` = `evs_admin_role_users`.`role_id` where `evs_admin_role_users`.`user_id` = 1"} 
[2023-01-17 08:24:37] local.INFO: [日志跟踪] {"sql":"select * from `evs_article` where `evs_article`.`id` = '1' limit 1"} 
[2023-01-17 08:24:37] local.INFO: [日志跟踪] {"sql":"update `evs_article` set `title` = '2022年度销量榜出炉：235850辆，8家企业年销量破万辆，都有谁？2', `evs_article`.`updated_at` = '2023-01-17 08:24:37' where `id` = 1"} 
[2023-01-17 08:24:37] local.INFO: [日志跟踪] {"sql":"select * from `evs_admin_users` where `id` = 1 limit 1"} 
[2023-01-17 08:24:37] local.INFO: [日志跟踪] {"sql":"select `value`, `slug` from `evs_admin_settings`"} 
[2023-01-17 08:24:37] local.INFO: [日志跟踪] {"sql":"select `evs_admin_roles`.*, `evs_admin_role_users`.`user_id` as `pivot_user_id`, `evs_admin_role_users`.`role_id` as `pivot_role_id`, `evs_admin_role_users`.`created_at` as `pivot_created_at`, `evs_admin_role_users`.`updated_at` as `pivot_updated_at` from `evs_admin_roles` inner join `evs_admin_role_users` on `evs_admin_roles`.`id` = `evs_admin_role_users`.`role_id` where `evs_admin_role_users`.`user_id` = 1"} 
[2023-01-17 08:24:37] local.INFO: [日志跟踪] {"sql":"select count(*) as aggregate from `evs_article`"} 
[2023-01-17 08:24:37] local.INFO: [日志跟踪] {"sql":"select * from `evs_article` limit 20 offset 0"} 
[2023-01-17 08:25:52] local.INFO: [日志跟踪] {"sql":"select * from `evs_admin_users` where `id` = 1 limit 1"} 
[2023-01-17 08:25:52] local.INFO: [日志跟踪] {"sql":"select `value`, `slug` from `evs_admin_settings`"} 
[2023-01-17 08:25:52] local.INFO: [日志跟踪] {"sql":"select `evs_admin_roles`.*, `evs_admin_role_users`.`user_id` as `pivot_user_id`, `evs_admin_role_users`.`role_id` as `pivot_role_id`, `evs_admin_role_users`.`created_at` as `pivot_created_at`, `evs_admin_role_users`.`updated_at` as `pivot_updated_at` from `evs_admin_roles` inner join `evs_admin_role_users` on `evs_admin_roles`.`id` = `evs_admin_role_users`.`role_id` where `evs_admin_role_users`.`user_id` = 1"} 
[2023-01-17 08:25:52] local.INFO: [日志跟踪] {"sql":"select * from `evs_article` where `evs_article`.`id` = '1' limit 1"} 
[2023-01-17 08:25:56] local.INFO: [日志跟踪] {"sql":"select * from `evs_admin_users` where `id` = 1 limit 1"} 
[2023-01-17 08:25:57] local.INFO: [日志跟踪] {"sql":"select `value`, `slug` from `evs_admin_settings`"} 
[2023-01-17 08:25:57] local.INFO: [日志跟踪] {"sql":"select `evs_admin_roles`.*, `evs_admin_role_users`.`user_id` as `pivot_user_id`, `evs_admin_role_users`.`role_id` as `pivot_role_id`, `evs_admin_role_users`.`created_at` as `pivot_created_at`, `evs_admin_role_users`.`updated_at` as `pivot_updated_at` from `evs_admin_roles` inner join `evs_admin_role_users` on `evs_admin_roles`.`id` = `evs_admin_role_users`.`role_id` where `evs_admin_role_users`.`user_id` = 1"} 
[2023-01-17 08:25:57] local.INFO: [日志跟踪] {"sql":"select * from `evs_article` where `evs_article`.`id` = '1' limit 1"} 
[2023-01-17 08:25:57] local.INFO: [日志跟踪] {"sql":"update `evs_article` set `title` = '2022年度销量榜出炉：235850辆，8家企业年销量破万辆，都有谁？222', `evs_article`.`updated_at` = '1673915157' where `id` = 1"} 
[2023-01-17 08:25:57] local.INFO: [日志跟踪] {"sql":"select * from `evs_admin_users` where `id` = 1 limit 1"} 
[2023-01-17 08:25:57] local.INFO: [日志跟踪] {"sql":"select `value`, `slug` from `evs_admin_settings`"} 
[2023-01-17 08:25:57] local.INFO: [日志跟踪] {"sql":"select `evs_admin_roles`.*, `evs_admin_role_users`.`user_id` as `pivot_user_id`, `evs_admin_role_users`.`role_id` as `pivot_role_id`, `evs_admin_role_users`.`created_at` as `pivot_created_at`, `evs_admin_role_users`.`updated_at` as `pivot_updated_at` from `evs_admin_roles` inner join `evs_admin_role_users` on `evs_admin_roles`.`id` = `evs_admin_role_users`.`role_id` where `evs_admin_role_users`.`user_id` = 1"} 
[2023-01-17 08:25:57] local.INFO: [日志跟踪] {"sql":"select count(*) as aggregate from `evs_article`"} 
[2023-01-17 08:25:57] local.INFO: [日志跟踪] {"sql":"select * from `evs_article` limit 20 offset 0"} 
[2023-01-17 08:26:11] local.INFO: [日志跟踪] {"sql":"select * from `evs_admin_users` where `id` = 1 limit 1"} 
[2023-01-17 08:26:11] local.INFO: [日志跟踪] {"sql":"select `value`, `slug` from `evs_admin_settings`"} 
[2023-01-17 08:26:11] local.INFO: [日志跟踪] {"sql":"select `evs_admin_roles`.*, `evs_admin_role_users`.`user_id` as `pivot_user_id`, `evs_admin_role_users`.`role_id` as `pivot_role_id`, `evs_admin_role_users`.`created_at` as `pivot_created_at`, `evs_admin_role_users`.`updated_at` as `pivot_updated_at` from `evs_admin_roles` inner join `evs_admin_role_users` on `evs_admin_roles`.`id` = `evs_admin_role_users`.`role_id` where `evs_admin_role_users`.`user_id` = 1"} 
[2023-01-17 08:26:11] local.INFO: [日志跟踪] {"sql":"select count(*) as aggregate from `evs_article`"} 
[2023-01-17 08:26:11] local.INFO: [日志跟踪] {"sql":"select * from `evs_article` limit 20 offset 0"} 
[2023-01-17 08:26:12] local.INFO: [日志跟踪] {"sql":"select * from `evs_admin_menu` order by `order` asc"} 
[2023-01-17 08:26:12] local.INFO: [日志跟踪] {"sql":"select `evs_admin_permissions`.*, `evs_admin_permission_menu`.`menu_id` as `pivot_menu_id`, `evs_admin_permission_menu`.`permission_id` as `pivot_permission_id`, `evs_admin_permission_menu`.`created_at` as `pivot_created_at`, `evs_admin_permission_menu`.`updated_at` as `pivot_updated_at` from `evs_admin_permissions` inner join `evs_admin_permission_menu` on `evs_admin_permissions`.`id` = `evs_admin_permission_menu`.`permission_id` where `evs_admin_permission_menu`.`menu_id` in (1, 2, 3, 4, 5, 6, 8, 9, 11, 12, 13, 14, 15, 16, 17, 18, 19, 20, 21, 22, 23, 24)"} 
[2023-01-17 08:26:12] local.INFO: [日志跟踪] {"sql":"select `evs_admin_roles`.*, `evs_admin_role_menu`.`menu_id` as `pivot_menu_id`, `evs_admin_role_menu`.`role_id` as `pivot_role_id`, `evs_admin_role_menu`.`created_at` as `pivot_created_at`, `evs_admin_role_menu`.`updated_at` as `pivot_updated_at` from `evs_admin_roles` inner join `evs_admin_role_menu` on `evs_admin_roles`.`id` = `evs_admin_role_menu`.`role_id` where `evs_admin_role_menu`.`menu_id` in (1, 2, 3, 4, 5, 6, 8, 9, 11, 12, 13, 14, 15, 16, 17, 18, 19, 20, 21, 22, 23, 24)"} 
[2023-01-17 08:26:49] local.INFO: [日志跟踪] {"sql":"select * from `evs_admin_users` where `id` = 1 limit 1"} 
[2023-01-17 08:26:49] local.INFO: [日志跟踪] {"sql":"select `value`, `slug` from `evs_admin_settings`"} 
[2023-01-17 08:26:49] local.INFO: [日志跟踪] {"sql":"select `evs_admin_roles`.*, `evs_admin_role_users`.`user_id` as `pivot_user_id`, `evs_admin_role_users`.`role_id` as `pivot_role_id`, `evs_admin_role_users`.`created_at` as `pivot_created_at`, `evs_admin_role_users`.`updated_at` as `pivot_updated_at` from `evs_admin_roles` inner join `evs_admin_role_users` on `evs_admin_roles`.`id` = `evs_admin_role_users`.`role_id` where `evs_admin_role_users`.`user_id` = 1"} 
[2023-01-17 08:26:49] local.INFO: [日志跟踪] {"sql":"select count(*) as aggregate from `evs_article`"} 
[2023-01-17 08:26:49] local.INFO: [日志跟踪] {"sql":"select * from `evs_article` limit 20 offset 0"} 
[2023-01-17 08:26:49] local.INFO: [日志跟踪] {"sql":"select * from `evs_admin_menu` order by `order` asc"} 
[2023-01-17 08:26:49] local.INFO: [日志跟踪] {"sql":"select `evs_admin_permissions`.*, `evs_admin_permission_menu`.`menu_id` as `pivot_menu_id`, `evs_admin_permission_menu`.`permission_id` as `pivot_permission_id`, `evs_admin_permission_menu`.`created_at` as `pivot_created_at`, `evs_admin_permission_menu`.`updated_at` as `pivot_updated_at` from `evs_admin_permissions` inner join `evs_admin_permission_menu` on `evs_admin_permissions`.`id` = `evs_admin_permission_menu`.`permission_id` where `evs_admin_permission_menu`.`menu_id` in (1, 2, 3, 4, 5, 6, 8, 9, 11, 12, 13, 14, 15, 16, 17, 18, 19, 20, 21, 22, 23, 24)"} 
[2023-01-17 08:26:49] local.INFO: [日志跟踪] {"sql":"select `evs_admin_roles`.*, `evs_admin_role_menu`.`menu_id` as `pivot_menu_id`, `evs_admin_role_menu`.`role_id` as `pivot_role_id`, `evs_admin_role_menu`.`created_at` as `pivot_created_at`, `evs_admin_role_menu`.`updated_at` as `pivot_updated_at` from `evs_admin_roles` inner join `evs_admin_role_menu` on `evs_admin_roles`.`id` = `evs_admin_role_menu`.`role_id` where `evs_admin_role_menu`.`menu_id` in (1, 2, 3, 4, 5, 6, 8, 9, 11, 12, 13, 14, 15, 16, 17, 18, 19, 20, 21, 22, 23, 24)"} 
[2023-01-17 08:27:10] local.INFO: [日志跟踪] {"sql":"select * from `evs_admin_users` where `id` = 1 limit 1"} 
[2023-01-17 08:27:10] local.INFO: [日志跟踪] {"sql":"select `value`, `slug` from `evs_admin_settings`"} 
[2023-01-17 08:27:10] local.INFO: [日志跟踪] {"sql":"select `evs_admin_roles`.*, `evs_admin_role_users`.`user_id` as `pivot_user_id`, `evs_admin_role_users`.`role_id` as `pivot_role_id`, `evs_admin_role_users`.`created_at` as `pivot_created_at`, `evs_admin_role_users`.`updated_at` as `pivot_updated_at` from `evs_admin_roles` inner join `evs_admin_role_users` on `evs_admin_roles`.`id` = `evs_admin_role_users`.`role_id` where `evs_admin_role_users`.`user_id` = 1"} 
[2023-01-17 08:27:10] local.INFO: [日志跟踪] {"sql":"select count(*) as aggregate from `evs_article`"} 
[2023-01-17 08:27:10] local.INFO: [日志跟踪] {"sql":"select * from `evs_article` limit 20 offset 0"} 
[2023-01-17 08:27:10] local.INFO: [日志跟踪] {"sql":"select * from `evs_admin_menu` order by `order` asc"} 
[2023-01-17 08:27:10] local.INFO: [日志跟踪] {"sql":"select `evs_admin_permissions`.*, `evs_admin_permission_menu`.`menu_id` as `pivot_menu_id`, `evs_admin_permission_menu`.`permission_id` as `pivot_permission_id`, `evs_admin_permission_menu`.`created_at` as `pivot_created_at`, `evs_admin_permission_menu`.`updated_at` as `pivot_updated_at` from `evs_admin_permissions` inner join `evs_admin_permission_menu` on `evs_admin_permissions`.`id` = `evs_admin_permission_menu`.`permission_id` where `evs_admin_permission_menu`.`menu_id` in (1, 2, 3, 4, 5, 6, 8, 9, 11, 12, 13, 14, 15, 16, 17, 18, 19, 20, 21, 22, 23, 24)"} 
[2023-01-17 08:27:10] local.INFO: [日志跟踪] {"sql":"select `evs_admin_roles`.*, `evs_admin_role_menu`.`menu_id` as `pivot_menu_id`, `evs_admin_role_menu`.`role_id` as `pivot_role_id`, `evs_admin_role_menu`.`created_at` as `pivot_created_at`, `evs_admin_role_menu`.`updated_at` as `pivot_updated_at` from `evs_admin_roles` inner join `evs_admin_role_menu` on `evs_admin_roles`.`id` = `evs_admin_role_menu`.`role_id` where `evs_admin_role_menu`.`menu_id` in (1, 2, 3, 4, 5, 6, 8, 9, 11, 12, 13, 14, 15, 16, 17, 18, 19, 20, 21, 22, 23, 24)"} 
[2023-01-17 08:27:16] local.INFO: [日志跟踪] {"sql":"select * from `evs_admin_users` where `id` = 1 limit 1"} 
[2023-01-17 08:27:16] local.INFO: [日志跟踪] {"sql":"select `value`, `slug` from `evs_admin_settings`"} 
[2023-01-17 08:27:16] local.INFO: [日志跟踪] {"sql":"select `evs_admin_roles`.*, `evs_admin_role_users`.`user_id` as `pivot_user_id`, `evs_admin_role_users`.`role_id` as `pivot_role_id`, `evs_admin_role_users`.`created_at` as `pivot_created_at`, `evs_admin_role_users`.`updated_at` as `pivot_updated_at` from `evs_admin_roles` inner join `evs_admin_role_users` on `evs_admin_roles`.`id` = `evs_admin_role_users`.`role_id` where `evs_admin_role_users`.`user_id` = 1"} 
[2023-01-17 08:27:39] local.INFO: [日志跟踪] {"sql":"select * from `evs_admin_users` where `id` = 1 limit 1"} 
[2023-01-17 08:27:39] local.INFO: [日志跟踪] {"sql":"select `value`, `slug` from `evs_admin_settings`"} 
[2023-01-17 08:27:39] local.INFO: [日志跟踪] {"sql":"select `evs_admin_roles`.*, `evs_admin_role_users`.`user_id` as `pivot_user_id`, `evs_admin_role_users`.`role_id` as `pivot_role_id`, `evs_admin_role_users`.`created_at` as `pivot_created_at`, `evs_admin_role_users`.`updated_at` as `pivot_updated_at` from `evs_admin_roles` inner join `evs_admin_role_users` on `evs_admin_roles`.`id` = `evs_admin_role_users`.`role_id` where `evs_admin_role_users`.`user_id` = 1"} 
[2023-01-17 08:27:45] local.INFO: [日志跟踪] {"sql":"select * from `evs_admin_users` where `id` = 1 limit 1"} 
[2023-01-17 08:27:45] local.INFO: [日志跟踪] {"sql":"select `value`, `slug` from `evs_admin_settings`"} 
[2023-01-17 08:27:45] local.INFO: [日志跟踪] {"sql":"select `evs_admin_roles`.*, `evs_admin_role_users`.`user_id` as `pivot_user_id`, `evs_admin_role_users`.`role_id` as `pivot_role_id`, `evs_admin_role_users`.`created_at` as `pivot_created_at`, `evs_admin_role_users`.`updated_at` as `pivot_updated_at` from `evs_admin_roles` inner join `evs_admin_role_users` on `evs_admin_roles`.`id` = `evs_admin_role_users`.`role_id` where `evs_admin_role_users`.`user_id` = 1"} 
[2023-01-17 08:27:45] local.INFO: [日志跟踪] {"sql":"insert into `evs_article` (`type`, `title`, `image`, `image_route`, `status`, `updated_at`, `created_at`) values ('2', '历时近一年半，滴滴回归了！直面高德、T3等玩家，网约车市场风云将再起？', 'images/image_png', 'www.baidu.com', '1', '2023-01-17 08:27:45', '2023-01-17 08:27:45')"} 
[2023-01-17 08:27:46] local.INFO: [日志跟踪] {"sql":"select * from `evs_admin_users` where `id` = 1 limit 1"} 
[2023-01-17 08:27:46] local.INFO: [日志跟踪] {"sql":"select `value`, `slug` from `evs_admin_settings`"} 
[2023-01-17 08:27:46] local.INFO: [日志跟踪] {"sql":"select `evs_admin_roles`.*, `evs_admin_role_users`.`user_id` as `pivot_user_id`, `evs_admin_role_users`.`role_id` as `pivot_role_id`, `evs_admin_role_users`.`created_at` as `pivot_created_at`, `evs_admin_role_users`.`updated_at` as `pivot_updated_at` from `evs_admin_roles` inner join `evs_admin_role_users` on `evs_admin_roles`.`id` = `evs_admin_role_users`.`role_id` where `evs_admin_role_users`.`user_id` = 1"} 
[2023-01-17 08:27:46] local.INFO: [日志跟踪] {"sql":"select count(*) as aggregate from `evs_article`"} 
[2023-01-17 08:27:46] local.INFO: [日志跟踪] {"sql":"select * from `evs_article` limit 20 offset 0"} 
[2023-01-17 08:28:11] local.INFO: [日志跟踪] {"sql":"select * from `evs_admin_users` where `id` = 1 limit 1"} 
[2023-01-17 08:28:11] local.INFO: [日志跟踪] {"sql":"select `value`, `slug` from `evs_admin_settings`"} 
[2023-01-17 08:28:11] local.INFO: [日志跟踪] {"sql":"select `evs_admin_roles`.*, `evs_admin_role_users`.`user_id` as `pivot_user_id`, `evs_admin_role_users`.`role_id` as `pivot_role_id`, `evs_admin_role_users`.`created_at` as `pivot_created_at`, `evs_admin_role_users`.`updated_at` as `pivot_updated_at` from `evs_admin_roles` inner join `evs_admin_role_users` on `evs_admin_roles`.`id` = `evs_admin_role_users`.`role_id` where `evs_admin_role_users`.`user_id` = 1"} 
[2023-01-17 08:28:11] local.INFO: [日志跟踪] {"sql":"select * from `evs_article` where `evs_article`.`id` = '5' limit 1"} 
[2023-01-17 08:28:14] local.INFO: [日志跟踪] {"sql":"select * from `evs_admin_users` where `id` = 1 limit 1"} 
[2023-01-17 08:28:14] local.INFO: [日志跟踪] {"sql":"select `value`, `slug` from `evs_admin_settings`"} 
[2023-01-17 08:28:14] local.INFO: [日志跟踪] {"sql":"select `evs_admin_roles`.*, `evs_admin_role_users`.`user_id` as `pivot_user_id`, `evs_admin_role_users`.`role_id` as `pivot_role_id`, `evs_admin_role_users`.`created_at` as `pivot_created_at`, `evs_admin_role_users`.`updated_at` as `pivot_updated_at` from `evs_admin_roles` inner join `evs_admin_role_users` on `evs_admin_roles`.`id` = `evs_admin_role_users`.`role_id` where `evs_admin_role_users`.`user_id` = 1"} 
[2023-01-17 08:28:14] local.INFO: [日志跟踪] {"sql":"select * from `evs_article` where `evs_article`.`id` = '5' limit 1"} 
[2023-01-17 08:28:14] local.INFO: [日志跟踪] {"sql":"select * from `evs_admin_users` where `id` = 1 limit 1"} 
[2023-01-17 08:28:14] local.INFO: [日志跟踪] {"sql":"select `value`, `slug` from `evs_admin_settings`"} 
[2023-01-17 08:28:14] local.INFO: [日志跟踪] {"sql":"select `evs_admin_roles`.*, `evs_admin_role_users`.`user_id` as `pivot_user_id`, `evs_admin_role_users`.`role_id` as `pivot_role_id`, `evs_admin_role_users`.`created_at` as `pivot_created_at`, `evs_admin_role_users`.`updated_at` as `pivot_updated_at` from `evs_admin_roles` inner join `evs_admin_role_users` on `evs_admin_roles`.`id` = `evs_admin_role_users`.`role_id` where `evs_admin_role_users`.`user_id` = 1"} 
[2023-01-17 08:28:14] local.INFO: [日志跟踪] {"sql":"select count(*) as aggregate from `evs_article`"} 
[2023-01-17 08:28:14] local.INFO: [日志跟踪] {"sql":"select * from `evs_article` limit 20 offset 0"} 
[2023-01-17 08:28:38] local.INFO: [日志跟踪] {"sql":"select * from `evs_admin_users` where `id` = 1 limit 1"} 
[2023-01-17 08:28:38] local.INFO: [日志跟踪] {"sql":"select `value`, `slug` from `evs_admin_settings`"} 
[2023-01-17 08:28:38] local.INFO: [日志跟踪] {"sql":"select `evs_admin_roles`.*, `evs_admin_role_users`.`user_id` as `pivot_user_id`, `evs_admin_role_users`.`role_id` as `pivot_role_id`, `evs_admin_role_users`.`created_at` as `pivot_created_at`, `evs_admin_role_users`.`updated_at` as `pivot_updated_at` from `evs_admin_roles` inner join `evs_admin_role_users` on `evs_admin_roles`.`id` = `evs_admin_role_users`.`role_id` where `evs_admin_role_users`.`user_id` = 1"} 
[2023-01-17 08:28:38] local.INFO: [日志跟踪] {"sql":"select * from `evs_article` where `evs_article`.`id` = '5' limit 1"} 
[2023-01-17 08:28:42] local.INFO: [日志跟踪] {"sql":"select * from `evs_admin_users` where `id` = 1 limit 1"} 
[2023-01-17 08:28:42] local.INFO: [日志跟踪] {"sql":"select `value`, `slug` from `evs_admin_settings`"} 
[2023-01-17 08:28:42] local.INFO: [日志跟踪] {"sql":"select `evs_admin_roles`.*, `evs_admin_role_users`.`user_id` as `pivot_user_id`, `evs_admin_role_users`.`role_id` as `pivot_role_id`, `evs_admin_role_users`.`created_at` as `pivot_created_at`, `evs_admin_role_users`.`updated_at` as `pivot_updated_at` from `evs_admin_roles` inner join `evs_admin_role_users` on `evs_admin_roles`.`id` = `evs_admin_role_users`.`role_id` where `evs_admin_role_users`.`user_id` = 1"} 
[2023-01-17 08:28:42] local.INFO: [日志跟踪] {"sql":"select * from `evs_article` where `evs_article`.`id` = '5' limit 1"} 
[2023-01-17 08:28:42] local.INFO: [日志跟踪] {"sql":"select * from `evs_admin_users` where `id` = 1 limit 1"} 
[2023-01-17 08:28:42] local.INFO: [日志跟踪] {"sql":"select `value`, `slug` from `evs_admin_settings`"} 
[2023-01-17 08:28:42] local.INFO: [日志跟踪] {"sql":"select `evs_admin_roles`.*, `evs_admin_role_users`.`user_id` as `pivot_user_id`, `evs_admin_role_users`.`role_id` as `pivot_role_id`, `evs_admin_role_users`.`created_at` as `pivot_created_at`, `evs_admin_role_users`.`updated_at` as `pivot_updated_at` from `evs_admin_roles` inner join `evs_admin_role_users` on `evs_admin_roles`.`id` = `evs_admin_role_users`.`role_id` where `evs_admin_role_users`.`user_id` = 1"} 
[2023-01-17 08:28:42] local.INFO: [日志跟踪] {"sql":"select count(*) as aggregate from `evs_article`"} 
[2023-01-17 08:28:42] local.INFO: [日志跟踪] {"sql":"select * from `evs_article` limit 20 offset 0"} 
[2023-01-17 08:29:05] local.INFO: [日志跟踪] {"sql":"select * from `evs_admin_users` where `id` = 1 limit 1"} 
[2023-01-17 08:29:05] local.INFO: [日志跟踪] {"sql":"select `value`, `slug` from `evs_admin_settings`"} 
[2023-01-17 08:29:05] local.INFO: [日志跟踪] {"sql":"select `evs_admin_roles`.*, `evs_admin_role_users`.`user_id` as `pivot_user_id`, `evs_admin_role_users`.`role_id` as `pivot_role_id`, `evs_admin_role_users`.`created_at` as `pivot_created_at`, `evs_admin_role_users`.`updated_at` as `pivot_updated_at` from `evs_admin_roles` inner join `evs_admin_role_users` on `evs_admin_roles`.`id` = `evs_admin_role_users`.`role_id` where `evs_admin_role_users`.`user_id` = 1"} 
[2023-01-17 08:29:05] local.INFO: [日志跟踪] {"sql":"select * from `evs_article` where `evs_article`.`id` = '5' limit 1"} 
[2023-01-17 08:29:08] local.INFO: [日志跟踪] {"sql":"select * from `evs_admin_users` where `id` = 1 limit 1"} 
[2023-01-17 08:29:08] local.INFO: [日志跟踪] {"sql":"select `value`, `slug` from `evs_admin_settings`"} 
[2023-01-17 08:29:08] local.INFO: [日志跟踪] {"sql":"select `evs_admin_roles`.*, `evs_admin_role_users`.`user_id` as `pivot_user_id`, `evs_admin_role_users`.`role_id` as `pivot_role_id`, `evs_admin_role_users`.`created_at` as `pivot_created_at`, `evs_admin_role_users`.`updated_at` as `pivot_updated_at` from `evs_admin_roles` inner join `evs_admin_role_users` on `evs_admin_roles`.`id` = `evs_admin_role_users`.`role_id` where `evs_admin_role_users`.`user_id` = 1"} 
[2023-01-17 08:29:08] local.INFO: [日志跟踪] {"sql":"select * from `evs_article` where `evs_article`.`id` = '5' limit 1"} 
[2023-01-17 08:29:08] local.INFO: [日志跟踪] {"sql":"update `evs_article` set `title` = '历时近一年半，滴滴回归了！直面高德、T3等玩家，网约车市场风云将再起？2', `evs_article`.`updated_at` = '2023-01-17 08:29:08' where `id` = 5"} 
[2023-01-17 08:29:09] local.INFO: [日志跟踪] {"sql":"select * from `evs_admin_users` where `id` = 1 limit 1"} 
[2023-01-17 08:29:09] local.INFO: [日志跟踪] {"sql":"select `value`, `slug` from `evs_admin_settings`"} 
[2023-01-17 08:29:09] local.INFO: [日志跟踪] {"sql":"select `evs_admin_roles`.*, `evs_admin_role_users`.`user_id` as `pivot_user_id`, `evs_admin_role_users`.`role_id` as `pivot_role_id`, `evs_admin_role_users`.`created_at` as `pivot_created_at`, `evs_admin_role_users`.`updated_at` as `pivot_updated_at` from `evs_admin_roles` inner join `evs_admin_role_users` on `evs_admin_roles`.`id` = `evs_admin_role_users`.`role_id` where `evs_admin_role_users`.`user_id` = 1"} 
[2023-01-17 08:29:09] local.INFO: [日志跟踪] {"sql":"select count(*) as aggregate from `evs_article`"} 
[2023-01-17 08:29:09] local.INFO: [日志跟踪] {"sql":"select * from `evs_article` limit 20 offset 0"} 
[2023-01-17 08:30:15] local.INFO: [日志跟踪] {"sql":"select * from `evs_admin_users` where `id` = 1 limit 1"} 
[2023-01-17 08:30:15] local.INFO: [日志跟踪] {"sql":"select `value`, `slug` from `evs_admin_settings`"} 
[2023-01-17 08:30:15] local.INFO: [日志跟踪] {"sql":"select `evs_admin_roles`.*, `evs_admin_role_users`.`user_id` as `pivot_user_id`, `evs_admin_role_users`.`role_id` as `pivot_role_id`, `evs_admin_role_users`.`created_at` as `pivot_created_at`, `evs_admin_role_users`.`updated_at` as `pivot_updated_at` from `evs_admin_roles` inner join `evs_admin_role_users` on `evs_admin_roles`.`id` = `evs_admin_role_users`.`role_id` where `evs_admin_role_users`.`user_id` = 1"} 
[2023-01-17 08:30:16] local.INFO: [日志跟踪] {"sql":"select * from `evs_admin_users` where `id` = 1 limit 1"} 
[2023-01-17 08:30:16] local.INFO: [日志跟踪] {"sql":"select `value`, `slug` from `evs_admin_settings`"} 
[2023-01-17 08:30:16] local.INFO: [日志跟踪] {"sql":"select `evs_admin_roles`.*, `evs_admin_role_users`.`user_id` as `pivot_user_id`, `evs_admin_role_users`.`role_id` as `pivot_role_id`, `evs_admin_role_users`.`created_at` as `pivot_created_at`, `evs_admin_role_users`.`updated_at` as `pivot_updated_at` from `evs_admin_roles` inner join `evs_admin_role_users` on `evs_admin_roles`.`id` = `evs_admin_role_users`.`role_id` where `evs_admin_role_users`.`user_id` = 1"} 
[2023-01-17 08:30:36] local.INFO: [日志跟踪] {"sql":"select * from `evs_admin_users` where `id` = 1 limit 1"} 
[2023-01-17 08:30:36] local.INFO: [日志跟踪] {"sql":"select `value`, `slug` from `evs_admin_settings`"} 
[2023-01-17 08:30:36] local.INFO: [日志跟踪] {"sql":"select `evs_admin_roles`.*, `evs_admin_role_users`.`user_id` as `pivot_user_id`, `evs_admin_role_users`.`role_id` as `pivot_role_id`, `evs_admin_role_users`.`created_at` as `pivot_created_at`, `evs_admin_role_users`.`updated_at` as `pivot_updated_at` from `evs_admin_roles` inner join `evs_admin_role_users` on `evs_admin_roles`.`id` = `evs_admin_role_users`.`role_id` where `evs_admin_role_users`.`user_id` = 1"} 
[2023-01-17 08:30:36] local.INFO: [日志跟踪] {"sql":"select * from `evs_article` where `evs_article`.`id` = '5' limit 1"} 
[2023-01-17 08:30:36] local.INFO: [日志跟踪] {"sql":"select * from `evs_admin_menu` order by `order` asc"} 
[2023-01-17 08:30:36] local.INFO: [日志跟踪] {"sql":"select `evs_admin_permissions`.*, `evs_admin_permission_menu`.`menu_id` as `pivot_menu_id`, `evs_admin_permission_menu`.`permission_id` as `pivot_permission_id`, `evs_admin_permission_menu`.`created_at` as `pivot_created_at`, `evs_admin_permission_menu`.`updated_at` as `pivot_updated_at` from `evs_admin_permissions` inner join `evs_admin_permission_menu` on `evs_admin_permissions`.`id` = `evs_admin_permission_menu`.`permission_id` where `evs_admin_permission_menu`.`menu_id` in (1, 2, 3, 4, 5, 6, 8, 9, 11, 12, 13, 14, 15, 16, 17, 18, 19, 20, 21, 22, 23, 24)"} 
[2023-01-17 08:30:36] local.INFO: [日志跟踪] {"sql":"select `evs_admin_roles`.*, `evs_admin_role_menu`.`menu_id` as `pivot_menu_id`, `evs_admin_role_menu`.`role_id` as `pivot_role_id`, `evs_admin_role_menu`.`created_at` as `pivot_created_at`, `evs_admin_role_menu`.`updated_at` as `pivot_updated_at` from `evs_admin_roles` inner join `evs_admin_role_menu` on `evs_admin_roles`.`id` = `evs_admin_role_menu`.`role_id` where `evs_admin_role_menu`.`menu_id` in (1, 2, 3, 4, 5, 6, 8, 9, 11, 12, 13, 14, 15, 16, 17, 18, 19, 20, 21, 22, 23, 24)"} 
[2023-01-17 08:30:43] local.INFO: [日志跟踪] {"sql":"select * from `evs_admin_users` where `id` = 1 limit 1"} 
[2023-01-17 08:30:43] local.INFO: [日志跟踪] {"sql":"select `value`, `slug` from `evs_admin_settings`"} 
[2023-01-17 08:30:43] local.INFO: [日志跟踪] {"sql":"select `evs_admin_roles`.*, `evs_admin_role_users`.`user_id` as `pivot_user_id`, `evs_admin_role_users`.`role_id` as `pivot_role_id`, `evs_admin_role_users`.`created_at` as `pivot_created_at`, `evs_admin_role_users`.`updated_at` as `pivot_updated_at` from `evs_admin_roles` inner join `evs_admin_role_users` on `evs_admin_roles`.`id` = `evs_admin_role_users`.`role_id` where `evs_admin_role_users`.`user_id` = 1"} 
[2023-01-17 08:30:43] local.INFO: [日志跟踪] {"sql":"select * from `evs_article` where `evs_article`.`id` = '5' limit 1"} 
[2023-01-17 08:30:43] local.INFO: [日志跟踪] {"sql":"update `evs_article` set `title` = '历时近一年半，滴滴回归了！直面高德、T3等玩家，网约车市场风云将再起？', `evs_article`.`updated_at` = '2023-01-17 08:30:43' where `id` = 5"} 
[2023-01-17 08:31:19] local.INFO: [日志跟踪] {"sql":"select * from `evs_admin_users` where `id` = 1 limit 1"} 
[2023-01-17 08:31:19] local.INFO: [日志跟踪] {"sql":"select `value`, `slug` from `evs_admin_settings`"} 
[2023-01-17 08:31:19] local.INFO: [日志跟踪] {"sql":"select `evs_admin_roles`.*, `evs_admin_role_users`.`user_id` as `pivot_user_id`, `evs_admin_role_users`.`role_id` as `pivot_role_id`, `evs_admin_role_users`.`created_at` as `pivot_created_at`, `evs_admin_role_users`.`updated_at` as `pivot_updated_at` from `evs_admin_roles` inner join `evs_admin_role_users` on `evs_admin_roles`.`id` = `evs_admin_role_users`.`role_id` where `evs_admin_role_users`.`user_id` = 1"} 
[2023-01-17 08:31:19] local.INFO: [日志跟踪] {"sql":"select count(*) as aggregate from `evs_article`"} 
[2023-01-17 08:31:19] local.INFO: [日志跟踪] {"sql":"select * from `evs_article` limit 20 offset 0"} 
[2023-01-17 08:31:19] local.INFO: [日志跟踪] {"sql":"select * from `evs_admin_menu` order by `order` asc"} 
[2023-01-17 08:31:19] local.INFO: [日志跟踪] {"sql":"select `evs_admin_permissions`.*, `evs_admin_permission_menu`.`menu_id` as `pivot_menu_id`, `evs_admin_permission_menu`.`permission_id` as `pivot_permission_id`, `evs_admin_permission_menu`.`created_at` as `pivot_created_at`, `evs_admin_permission_menu`.`updated_at` as `pivot_updated_at` from `evs_admin_permissions` inner join `evs_admin_permission_menu` on `evs_admin_permissions`.`id` = `evs_admin_permission_menu`.`permission_id` where `evs_admin_permission_menu`.`menu_id` in (1, 2, 3, 4, 5, 6, 8, 9, 11, 12, 13, 14, 15, 16, 17, 18, 19, 20, 21, 22, 23, 24)"} 
[2023-01-17 08:31:19] local.INFO: [日志跟踪] {"sql":"select `evs_admin_roles`.*, `evs_admin_role_menu`.`menu_id` as `pivot_menu_id`, `evs_admin_role_menu`.`role_id` as `pivot_role_id`, `evs_admin_role_menu`.`created_at` as `pivot_created_at`, `evs_admin_role_menu`.`updated_at` as `pivot_updated_at` from `evs_admin_roles` inner join `evs_admin_role_menu` on `evs_admin_roles`.`id` = `evs_admin_role_menu`.`role_id` where `evs_admin_role_menu`.`menu_id` in (1, 2, 3, 4, 5, 6, 8, 9, 11, 12, 13, 14, 15, 16, 17, 18, 19, 20, 21, 22, 23, 24)"} 
[2023-01-17 08:31:22] local.INFO: [日志跟踪] {"sql":"select * from `evs_admin_users` where `id` = 1 limit 1"} 
[2023-01-17 08:31:22] local.INFO: [日志跟踪] {"sql":"select `value`, `slug` from `evs_admin_settings`"} 
[2023-01-17 08:31:22] local.INFO: [日志跟踪] {"sql":"select `evs_admin_roles`.*, `evs_admin_role_users`.`user_id` as `pivot_user_id`, `evs_admin_role_users`.`role_id` as `pivot_role_id`, `evs_admin_role_users`.`created_at` as `pivot_created_at`, `evs_admin_role_users`.`updated_at` as `pivot_updated_at` from `evs_admin_roles` inner join `evs_admin_role_users` on `evs_admin_roles`.`id` = `evs_admin_role_users`.`role_id` where `evs_admin_role_users`.`user_id` = 1"} 
[2023-01-17 08:31:22] local.INFO: [日志跟踪] {"sql":"select * from `evs_article` where `evs_article`.`id` = '5' limit 1"} 
[2023-01-17 08:31:25] local.INFO: [日志跟踪] {"sql":"select * from `evs_admin_users` where `id` = 1 limit 1"} 
[2023-01-17 08:31:25] local.INFO: [日志跟踪] {"sql":"select `value`, `slug` from `evs_admin_settings`"} 
[2023-01-17 08:31:25] local.INFO: [日志跟踪] {"sql":"select `evs_admin_roles`.*, `evs_admin_role_users`.`user_id` as `pivot_user_id`, `evs_admin_role_users`.`role_id` as `pivot_role_id`, `evs_admin_role_users`.`created_at` as `pivot_created_at`, `evs_admin_role_users`.`updated_at` as `pivot_updated_at` from `evs_admin_roles` inner join `evs_admin_role_users` on `evs_admin_roles`.`id` = `evs_admin_role_users`.`role_id` where `evs_admin_role_users`.`user_id` = 1"} 
[2023-01-17 08:31:25] local.INFO: [日志跟踪] {"sql":"select * from `evs_article` where `evs_article`.`id` = '5' limit 1"} 
[2023-01-17 08:31:26] local.INFO: [日志跟踪] {"sql":"select * from `evs_admin_users` where `id` = 1 limit 1"} 
[2023-01-17 08:31:26] local.INFO: [日志跟踪] {"sql":"select `value`, `slug` from `evs_admin_settings`"} 
[2023-01-17 08:31:26] local.INFO: [日志跟踪] {"sql":"select `evs_admin_roles`.*, `evs_admin_role_users`.`user_id` as `pivot_user_id`, `evs_admin_role_users`.`role_id` as `pivot_role_id`, `evs_admin_role_users`.`created_at` as `pivot_created_at`, `evs_admin_role_users`.`updated_at` as `pivot_updated_at` from `evs_admin_roles` inner join `evs_admin_role_users` on `evs_admin_roles`.`id` = `evs_admin_role_users`.`role_id` where `evs_admin_role_users`.`user_id` = 1"} 
[2023-01-17 08:31:26] local.INFO: [日志跟踪] {"sql":"select count(*) as aggregate from `evs_article`"} 
[2023-01-17 08:31:26] local.INFO: [日志跟踪] {"sql":"select * from `evs_article` limit 20 offset 0"} 
[2023-01-17 08:31:32] local.INFO: [日志跟踪] {"sql":"select * from `evs_admin_users` where `id` = 1 limit 1"} 
[2023-01-17 08:31:32] local.INFO: [日志跟踪] {"sql":"select `value`, `slug` from `evs_admin_settings`"} 
[2023-01-17 08:31:32] local.INFO: [日志跟踪] {"sql":"select `evs_admin_roles`.*, `evs_admin_role_users`.`user_id` as `pivot_user_id`, `evs_admin_role_users`.`role_id` as `pivot_role_id`, `evs_admin_role_users`.`created_at` as `pivot_created_at`, `evs_admin_role_users`.`updated_at` as `pivot_updated_at` from `evs_admin_roles` inner join `evs_admin_role_users` on `evs_admin_roles`.`id` = `evs_admin_role_users`.`role_id` where `evs_admin_role_users`.`user_id` = 1"} 
[2023-01-17 08:31:32] local.INFO: [日志跟踪] {"sql":"select count(*) as aggregate from `evs_article`"} 
[2023-01-17 08:31:32] local.INFO: [日志跟踪] {"sql":"select * from `evs_article` limit 20 offset 0"} 
[2023-01-17 08:31:32] local.INFO: [日志跟踪] {"sql":"select * from `evs_admin_menu` order by `order` asc"} 
[2023-01-17 08:31:32] local.INFO: [日志跟踪] {"sql":"select `evs_admin_permissions`.*, `evs_admin_permission_menu`.`menu_id` as `pivot_menu_id`, `evs_admin_permission_menu`.`permission_id` as `pivot_permission_id`, `evs_admin_permission_menu`.`created_at` as `pivot_created_at`, `evs_admin_permission_menu`.`updated_at` as `pivot_updated_at` from `evs_admin_permissions` inner join `evs_admin_permission_menu` on `evs_admin_permissions`.`id` = `evs_admin_permission_menu`.`permission_id` where `evs_admin_permission_menu`.`menu_id` in (1, 2, 3, 4, 5, 6, 8, 9, 11, 12, 13, 14, 15, 16, 17, 18, 19, 20, 21, 22, 23, 24)"} 
[2023-01-17 08:31:32] local.INFO: [日志跟踪] {"sql":"select `evs_admin_roles`.*, `evs_admin_role_menu`.`menu_id` as `pivot_menu_id`, `evs_admin_role_menu`.`role_id` as `pivot_role_id`, `evs_admin_role_menu`.`created_at` as `pivot_created_at`, `evs_admin_role_menu`.`updated_at` as `pivot_updated_at` from `evs_admin_roles` inner join `evs_admin_role_menu` on `evs_admin_roles`.`id` = `evs_admin_role_menu`.`role_id` where `evs_admin_role_menu`.`menu_id` in (1, 2, 3, 4, 5, 6, 8, 9, 11, 12, 13, 14, 15, 16, 17, 18, 19, 20, 21, 22, 23, 24)"} 
[2023-01-17 08:31:40] local.INFO: [日志跟踪] {"sql":"select * from `evs_admin_users` where `id` = 1 limit 1"} 
[2023-01-17 08:31:40] local.INFO: [日志跟踪] {"sql":"select `value`, `slug` from `evs_admin_settings`"} 
[2023-01-17 08:31:40] local.INFO: [日志跟踪] {"sql":"select `evs_admin_roles`.*, `evs_admin_role_users`.`user_id` as `pivot_user_id`, `evs_admin_role_users`.`role_id` as `pivot_role_id`, `evs_admin_role_users`.`created_at` as `pivot_created_at`, `evs_admin_role_users`.`updated_at` as `pivot_updated_at` from `evs_admin_roles` inner join `evs_admin_role_users` on `evs_admin_roles`.`id` = `evs_admin_role_users`.`role_id` where `evs_admin_role_users`.`user_id` = 1"} 
[2023-01-17 08:31:40] local.INFO: [日志跟踪] {"sql":"select count(*) as aggregate from `evs_article`"} 
[2023-01-17 08:31:40] local.INFO: [日志跟踪] {"sql":"select * from `evs_article` limit 20 offset 0"} 
[2023-01-17 08:31:40] local.INFO: [日志跟踪] {"sql":"select * from `evs_admin_menu` order by `order` asc"} 
[2023-01-17 08:31:40] local.INFO: [日志跟踪] {"sql":"select `evs_admin_permissions`.*, `evs_admin_permission_menu`.`menu_id` as `pivot_menu_id`, `evs_admin_permission_menu`.`permission_id` as `pivot_permission_id`, `evs_admin_permission_menu`.`created_at` as `pivot_created_at`, `evs_admin_permission_menu`.`updated_at` as `pivot_updated_at` from `evs_admin_permissions` inner join `evs_admin_permission_menu` on `evs_admin_permissions`.`id` = `evs_admin_permission_menu`.`permission_id` where `evs_admin_permission_menu`.`menu_id` in (1, 2, 3, 4, 5, 6, 8, 9, 11, 12, 13, 14, 15, 16, 17, 18, 19, 20, 21, 22, 23, 24)"} 
[2023-01-17 08:31:40] local.INFO: [日志跟踪] {"sql":"select `evs_admin_roles`.*, `evs_admin_role_menu`.`menu_id` as `pivot_menu_id`, `evs_admin_role_menu`.`role_id` as `pivot_role_id`, `evs_admin_role_menu`.`created_at` as `pivot_created_at`, `evs_admin_role_menu`.`updated_at` as `pivot_updated_at` from `evs_admin_roles` inner join `evs_admin_role_menu` on `evs_admin_roles`.`id` = `evs_admin_role_menu`.`role_id` where `evs_admin_role_menu`.`menu_id` in (1, 2, 3, 4, 5, 6, 8, 9, 11, 12, 13, 14, 15, 16, 17, 18, 19, 20, 21, 22, 23, 24)"} 
[2023-01-17 08:31:48] local.INFO: [日志跟踪] {"sql":"select * from `evs_admin_users` where `id` = 1 limit 1"} 
[2023-01-17 08:31:48] local.INFO: [日志跟踪] {"sql":"select `value`, `slug` from `evs_admin_settings`"} 
[2023-01-17 08:31:48] local.INFO: [日志跟踪] {"sql":"select `evs_admin_roles`.*, `evs_admin_role_users`.`user_id` as `pivot_user_id`, `evs_admin_role_users`.`role_id` as `pivot_role_id`, `evs_admin_role_users`.`created_at` as `pivot_created_at`, `evs_admin_role_users`.`updated_at` as `pivot_updated_at` from `evs_admin_roles` inner join `evs_admin_role_users` on `evs_admin_roles`.`id` = `evs_admin_role_users`.`role_id` where `evs_admin_role_users`.`user_id` = 1"} 
[2023-01-17 08:31:48] local.INFO: [日志跟踪] {"sql":"select count(*) as aggregate from `evs_article`"} 
[2023-01-17 08:31:48] local.INFO: [日志跟踪] {"sql":"select * from `evs_article` limit 20 offset 0"} 
[2023-01-17 08:31:48] local.INFO: [日志跟踪] {"sql":"select * from `evs_admin_menu` order by `order` asc"} 
[2023-01-17 08:31:48] local.INFO: [日志跟踪] {"sql":"select `evs_admin_permissions`.*, `evs_admin_permission_menu`.`menu_id` as `pivot_menu_id`, `evs_admin_permission_menu`.`permission_id` as `pivot_permission_id`, `evs_admin_permission_menu`.`created_at` as `pivot_created_at`, `evs_admin_permission_menu`.`updated_at` as `pivot_updated_at` from `evs_admin_permissions` inner join `evs_admin_permission_menu` on `evs_admin_permissions`.`id` = `evs_admin_permission_menu`.`permission_id` where `evs_admin_permission_menu`.`menu_id` in (1, 2, 3, 4, 5, 6, 8, 9, 11, 12, 13, 14, 15, 16, 17, 18, 19, 20, 21, 22, 23, 24)"} 
[2023-01-17 08:31:48] local.INFO: [日志跟踪] {"sql":"select `evs_admin_roles`.*, `evs_admin_role_menu`.`menu_id` as `pivot_menu_id`, `evs_admin_role_menu`.`role_id` as `pivot_role_id`, `evs_admin_role_menu`.`created_at` as `pivot_created_at`, `evs_admin_role_menu`.`updated_at` as `pivot_updated_at` from `evs_admin_roles` inner join `evs_admin_role_menu` on `evs_admin_roles`.`id` = `evs_admin_role_menu`.`role_id` where `evs_admin_role_menu`.`menu_id` in (1, 2, 3, 4, 5, 6, 8, 9, 11, 12, 13, 14, 15, 16, 17, 18, 19, 20, 21, 22, 23, 24)"} 
